<?xml version="1.0" encoding="UTF-8"?>
<!-- Generated by org.testng.reporters.JUnitXMLReporter -->
<testsuite ignored="0" hostname="cukw" failures="0" tests="6" name="Add Remove Elements Tests" time="135.503" errors="0" timestamp="2026-02-01T19:53:52 MSK">
  <testcase classname="com.lr12.test.tests.AddRemoveElementsTest" name="testAddAndDeleteElement" time="22.484"/>
  <testcase classname="com.lr12.test.tests.AddRemoveElementsTest" name="testAddMultipleAndDeleteOne" time="2.608"/>
  <testcase classname="com.lr12.test.tests.AddRemoveElementsTest" name="testAddMultipleElements" time="21.827"/>
  <testcase classname="com.lr12.test.tests.AddRemoveElementsTest" name="testAddSingleElement" time="21.186"/>
  <testcase classname="com.lr12.test.tests.AddRemoveElementsTest" name="testDeleteAllElements" time="48.32"/>
  <testcase classname="com.lr12.test.tests.AddRemoveElementsTest" name="testDeleteLastElement" time="2.406"/>
</testsuite> <!-- Add Remove Elements Tests -->
