<?xml version="1.0" encoding="UTF-8"?>
<!-- Generated by org.testng.reporters.JUnitXMLReporter -->
<testsuite ignored="0" hostname="cukw" failures="0" tests="6" name="Checkboxes Tests" time="17.864" errors="0" timestamp="2026-02-01T19:51:55 MSK">
  <testcase classname="com.lr12.test.tests.CheckboxesTest" name="testCheckFirstCheckbox" time="0.281"/>
  <testcase classname="com.lr12.test.tests.CheckboxesTest" name="testFirstCheckboxInitialStateUnchecked" time="0.054"/>
  <testcase classname="com.lr12.test.tests.CheckboxesTest" name="testSecondCheckboxInitialStateChecked" time="0.045"/>
  <testcase classname="com.lr12.test.tests.CheckboxesTest" name="testToggleBothCheckboxes" time="0.198"/>
  <testcase classname="com.lr12.test.tests.CheckboxesTest" name="testToggleCheckboxMultipleTimes" time="0.198"/>
  <testcase classname="com.lr12.test.tests.CheckboxesTest" name="testUncheckSecondCheckbox" time="0.263"/>
</testsuite> <!-- Checkboxes Tests -->
