<?xml version="1.0" encoding="UTF-8"?>
<!-- Generated by org.testng.reporters.JUnitXMLReporter -->
<testsuite ignored="0" hostname="cukw" failures="0" tests="6" name="Dropdown Tests" time="18.87" errors="0" timestamp="2026-02-01T19:51:56 MSK">
  <testcase classname="com.lr12.test.tests.DropdownTest" name="testDropdownContainsAllOptions" time="0.16"/>
  <testcase classname="com.lr12.test.tests.DropdownTest" name="testDropdownOptionsCount" time="0.111"/>
  <testcase classname="com.lr12.test.tests.DropdownTest" name="testOptionExists" time="0.329"/>
  <testcase classname="com.lr12.test.tests.DropdownTest" name="testSelectFirstOption" time="0.351"/>
  <testcase classname="com.lr12.test.tests.DropdownTest" name="testSelectSecondOption" time="0.434"/>
  <testcase classname="com.lr12.test.tests.DropdownTest" name="testSwitchBetweenOptions" time="0.58"/>
</testsuite> <!-- Dropdown Tests -->
