<?xml version="1.0" encoding="UTF-8"?>
<!-- Generated by org.testng.reporters.JUnitXMLReporter -->
<testsuite ignored="0" hostname="cukw" failures="0" tests="10" name="Hovers Tests" time="53.68" errors="0" timestamp="2026-02-01T19:53:12 MSK">
  <testcase classname="com.lr12.test.tests.HoversTest" name="testAllUserProfilesHover" time="2.034"/>
  <testcase classname="com.lr12.test.tests.HoversTest" name="testClickAllUserProfiles" time="10.123"/>
  <testcase classname="com.lr12.test.tests.HoversTest" name="testClickFirstUserProfile" time="1.502"/>
  <testcase classname="com.lr12.test.tests.HoversTest" name="testFirstUserProfileDisplayed" time="0.04"/>
  <testcase classname="com.lr12.test.tests.HoversTest" name="testGetUserIdHover" time="0.683"/>
  <testcase classname="com.lr12.test.tests.HoversTest" name="testGetUserProfilesCount" time="0.018"/>
  <testcase classname="com.lr12.test.tests.HoversTest" name="testHoverFirstProfileAndGetName" time="0.664"/>
  <testcase classname="com.lr12.test.tests.HoversTest" name="testHoverVerifyNameAndClick" time="2.348"/>
  <testcase classname="com.lr12.test.tests.HoversTest" name="testSecondUserProfile" time="0.685"/>
  <testcase classname="com.lr12.test.tests.HoversTest" name="testThirdUserProfile" time="0.673"/>
</testsuite> <!-- Hovers Tests -->
