<?xml version="1.0" encoding="UTF-8"?>
<!-- Generated by org.testng.reporters.JUnitXMLReporter -->
<testsuite ignored="0" hostname="cukw" failures="0" tests="8" name="Inputs Tests" time="41.598" errors="0" timestamp="2026-02-01T19:52:18 MSK">
  <testcase classname="com.lr12.test.tests.InputsTest" name="testClearInput" time="1.089"/>
  <testcase classname="com.lr12.test.tests.InputsTest" name="testInputAlphanumeric" time="1.907"/>
  <testcase classname="com.lr12.test.tests.InputsTest" name="testInputNumericValues" time="0.508"/>
  <testcase classname="com.lr12.test.tests.InputsTest" name="testInputSpecialCharacters" time="1.809"/>
  <testcase classname="com.lr12.test.tests.InputsTest" name="testInputWithArrowDown" time="1.67"/>
  <testcase classname="com.lr12.test.tests.InputsTest" name="testInputWithArrowUp" time="1.559"/>
  <testcase classname="com.lr12.test.tests.InputsTest" name="testMultipleArrowDown" time="0.968"/>
  <testcase classname="com.lr12.test.tests.InputsTest" name="testMultipleArrowUp" time="0.953"/>
</testsuite> <!-- Inputs Tests -->
