<?xml version="1.0" encoding="UTF-8"?>
<!-- Generated by org.testng.reporters.JUnitXMLReporter -->
<testsuite ignored="0" hostname="cukw" failures="0" tests="10" name="Notification Messages Tests" time="70.88" errors="0" timestamp="2026-02-01T19:53:29 MSK">
  <testcase classname="com.lr12.test.tests.NotificationMessagesTest" name="testCloseNotification" time="21.591"/>
  <testcase classname="com.lr12.test.tests.NotificationMessagesTest" name="testCompleteNotificationScenario" time="0.763"/>
  <testcase classname="com.lr12.test.tests.NotificationMessagesTest" name="testComplexNotificationFlow" time="0.44"/>
  <testcase classname="com.lr12.test.tests.NotificationMessagesTest" name="testGetNotificationText" time="0.381"/>
  <testcase classname="com.lr12.test.tests.NotificationMessagesTest" name="testMultipleNotifications" time="2.701"/>
  <testcase classname="com.lr12.test.tests.NotificationMessagesTest" name="testNotificationAppears" time="0.343"/>
  <testcase classname="com.lr12.test.tests.NotificationMessagesTest" name="testNotificationContainsText" time="0.434"/>
  <testcase classname="com.lr12.test.tests.NotificationMessagesTest" name="testNotificationDisappears" time="15.559"/>
  <testcase classname="com.lr12.test.tests.NotificationMessagesTest" name="testNotificationTextVariations" time="0.424"/>
  <testcase classname="com.lr12.test.tests.NotificationMessagesTest" name="testNotificationTextWithVariations" time="0.419"/>
</testsuite> <!-- Notification Messages Tests -->
