<?xml version="1.0" encoding="UTF-8"?>
<!-- Generated by org.testng.reporters.JUnitXMLReporter -->
<testsuite ignored="0" hostname="cukw" failures="0" tests="12" name="Sortable Data Tables Tests" time="51.721" errors="0" timestamp="2026-02-01T19:52:47 MSK">
  <testcase classname="com.lr12.test.tests.SortableDataTablesTest" name="testCellContainsText" time="0.056"/>
  <testcase classname="com.lr12.test.tests.SortableDataTablesTest" name="testGetAllTables" time="0.02"/>
  <testcase classname="com.lr12.test.tests.SortableDataTablesTest" name="testGetColumnCount" time="0.025"/>
  <testcase classname="com.lr12.test.tests.SortableDataTablesTest" name="testGetColumnValues" time="0.064"/>
  <testcase classname="com.lr12.test.tests.SortableDataTablesTest" name="testGetFirstTableFirstCell" time="0.048"/>
  <testcase classname="com.lr12.test.tests.SortableDataTablesTest" name="testGetFullTableData" time="21.252"/>
  <testcase classname="com.lr12.test.tests.SortableDataTablesTest" name="testGetRowCount" time="0.033"/>
  <testcase classname="com.lr12.test.tests.SortableDataTablesTest" name="testGetRowValues" time="0.073"/>
  <testcase classname="com.lr12.test.tests.SortableDataTablesTest" name="testSecondTableData" time="0.029"/>
  <testcase classname="com.lr12.test.tests.SortableDataTablesTest" name="testVerifyCellValue" time="0.032"/>
  <testcase classname="com.lr12.test.tests.SortableDataTablesTest" name="testVerifyMultipleCells" time="0.067"/>
  <testcase classname="com.lr12.test.tests.SortableDataTablesTest" name="testVerifyTableContent" time="0.21"/>
</testsuite> <!-- Sortable Data Tables Tests -->
