<?xml version="1.0" encoding="UTF-8"?>
<!-- Generated by org.testng.reporters.JUnitXMLReporter -->
<testsuite ignored="0" hostname="cukw" failures="0" tests="6" name="Typos Tests" time="23.568" errors="0" timestamp="2026-02-01T19:52:18 MSK">
  <testcase classname="com.lr12.test.tests.TyposTest" name="testGetParagraphText" time="0.042"/>
  <testcase classname="com.lr12.test.tests.TyposTest" name="testParagraphContainsText" time="1.241"/>
  <testcase classname="com.lr12.test.tests.TyposTest" name="testParagraphStartsWith" time="0.058"/>
  <testcase classname="com.lr12.test.tests.TyposTest" name="testTextLength" time="0.058"/>
  <testcase classname="com.lr12.test.tests.TyposTest" name="testTypoDetection" time="1.241"/>
  <testcase classname="com.lr12.test.tests.TyposTest" name="testWordCount" time="0.032"/>
</testsuite> <!-- Typos Tests -->
