<?xml version="1.0" encoding="UTF-8"?>
<testsuite xmlns:xsi="http://www.w3.org/2001/XMLSchema-instance" xsi:noNamespaceSchemaLocation="https://maven.apache.org/surefire/maven-surefire-plugin/xsd/surefire-test-report-3.0.xsd" version="3.0" name="TestSuite" time="136.363" tests="64" errors="0" skipped="0" failures="0">
  <properties>
[...]
</properties>
  <testcase name="testDropdownContainsAllOptions" classname="com.lr12.test.tests.DropdownTest" time="0.073">
    <system-out><![CDATA[...
... TestNG 7.10.2 by Cédric Beust (cedric@beust.com)
...

]]></system-out>
    <system-err><![CDATA[февр. 01, 2026 7:51:37 PM com.lr12.test.base.TestBase setUp
INFO: ========== НАЧАЛО ТЕСТА (Поток: 54) ==========
февр. 01, 2026 7:51:37 PM com.lr12.test.base.TestBase setUp
INFO: ========== НАЧАЛО ТЕСТА (Поток: 53) ==========
февр. 01, 2026 7:51:37 PM com.lr12.test.base.TestBase setUp
INFO: ========== НАЧАЛО ТЕСТА (Поток: 52) ==========
февр. 01, 2026 7:51:37 PM com.lr12.test.base.TestBase setUp
INFO: ========== НАЧАЛО ТЕСТА (Поток: 51) ==========
февр. 01, 2026 7:51:37 PM com.lr12.test.config.DriverFactory createChromeDriver
INFO: Инициализация Chrome WebDriver...
февр. 01, 2026 7:51:37 PM com.lr12.test.config.DriverFactory createChromeDriver
INFO: Инициализация Chrome WebDriver...
февр. 01, 2026 7:51:37 PM com.lr12.test.config.DriverFactory createChromeDriver
INFO: Инициализация Chrome WebDriver...
февр. 01, 2026 7:51:37 PM com.lr12.test.config.DriverFactory createChromeDriver
INFO: Инициализация Chrome WebDriver...
февр. 01, 2026 7:51:38 PM com.lr12.test.config.DriverFactory createChromeDriver
INFO: Headless режим: ВКЛЮЧЕН
февр. 01, 2026 7:51:38 PM com.lr12.test.config.DriverFactory createChromeDriver
INFO: Headless режим: ВКЛЮЧЕН
февр. 01, 2026 7:51:38 PM com.lr12.test.config.DriverFactory createChromeDriver
INFO: Headless режим: ВКЛЮЧЕН
февр. 01, 2026 7:51:38 PM com.lr12.test.config.DriverFactory createChromeDriver
INFO: Headless режим: ВКЛЮЧЕН
февр. 01, 2026 7:51:39 PM org.openqa.selenium.devtools.CdpVersionFinder findNearestMatch
WARNING: Unable to find CDP implementation matching 144
февр. 01, 2026 7:51:39 PM org.openqa.selenium.devtools.CdpVersionFinder findNearestMatch
WARNING: Unable to find CDP implementation matching 144
февр. 01, 2026 7:51:39 PM org.openqa.selenium.devtools.CdpVersionFinder findNearestMatch
WARNING: Unable to find CDP implementation matching 144
февр. 01, 2026 7:51:39 PM org.openqa.selenium.devtools.CdpVersionFinder findNearestMatch
WARNING: Unable to find CDP implementation matching 144
февр. 01, 2026 7:51:39 PM org.openqa.selenium.chromium.ChromiumDriver lambda$new$5
WARNING: Unable to find version of CDP to use for 144.0.7559.110. You may need to include a dependency on a specific version of the CDP using something similar to `org.seleniumhq.selenium:selenium-devtools-v86:4.15.0` where the version ("v86") matches the version of the chromium-based browser you're using and the version number of the artifact is the same as Selenium's.
февр. 01, 2026 7:51:39 PM org.openqa.selenium.chromium.ChromiumDriver lambda$new$5
WARNING: Unable to find version of CDP to use for 144.0.7559.110. You may need to include a dependency on a specific version of the CDP using something similar to `org.seleniumhq.selenium:selenium-devtools-v86:4.15.0` where the version ("v86") matches the version of the chromium-based browser you're using and the version number of the artifact is the same as Selenium's.
февр. 01, 2026 7:51:39 PM org.openqa.selenium.chromium.ChromiumDriver lambda$new$5
WARNING: Unable to find version of CDP to use for 144.0.7559.110. You may need to include a dependency on a specific version of the CDP using something similar to `org.seleniumhq.selenium:selenium-devtools-v86:4.15.0` where the version ("v86") matches the version of the chromium-based browser you're using and the version number of the artifact is the same as Selenium's.
февр. 01, 2026 7:51:39 PM org.openqa.selenium.chromium.ChromiumDriver lambda$new$5
WARNING: Unable to find version of CDP to use for 144.0.7559.110. You may need to include a dependency on a specific version of the CDP using something similar to `org.seleniumhq.selenium:selenium-devtools-v86:4.15.0` where the version ("v86") matches the version of the chromium-based browser you're using and the version number of the artifact is the same as Selenium's.
февр. 01, 2026 7:51:39 PM com.lr12.test.config.ThreadSafeDriver setDriver
INFO: WebDriver инициализирован для потока: 54
февр. 01, 2026 7:51:39 PM com.lr12.test.config.ThreadSafeDriver setDriver
INFO: WebDriver инициализирован для потока: 52
февр. 01, 2026 7:51:39 PM com.lr12.test.config.ThreadSafeDriver setDriver
INFO: WebDriver инициализирован для потока: 51
февр. 01, 2026 7:51:39 PM com.lr12.test.config.ThreadSafeDriver setDriver
INFO: WebDriver инициализирован для потока: 53
февр. 01, 2026 7:51:39 PM com.lr12.test.base.TestBase setUp
INFO: WebDriver инициализирован (Поток: 52)
февр. 01, 2026 7:51:39 PM com.lr12.test.base.TestBase setUp
INFO: WebDriver инициализирован (Поток: 54)
февр. 01, 2026 7:51:39 PM com.lr12.test.base.TestBase setUp
INFO: WebDriver инициализирован (Поток: 53)
февр. 01, 2026 7:51:39 PM com.lr12.test.base.TestBase setUp
INFO: WebDriver инициализирован (Поток: 51)
февр. 01, 2026 7:51:39 PM com.lr12.test.pages.BasePage navigateTo
INFO: Переход на URL: http://the-internet.herokuapp.com/checkboxes
февр. 01, 2026 7:51:39 PM com.lr12.test.pages.BasePage navigateTo
INFO: Переход на URL: http://the-internet.herokuapp.com/dropdown
февр. 01, 2026 7:51:39 PM com.lr12.test.pages.BasePage navigateTo
INFO: Переход на URL: http://the-internet.herokuapp.com/inputs
февр. 01, 2026 7:51:39 PM com.lr12.test.pages.BasePage navigateTo
INFO: Переход на URL: http://the-internet.herokuapp.com/add_remove_elements/
февр. 01, 2026 7:51:41 PM com.lr12.test.pages.DropdownPage navigateToPage
INFO: Перейдено на страницу Dropdown
февр. 01, 2026 7:51:41 PM com.lr12.test.listeners.TestListener onTestStart
INFO: НАЧАЛО ТЕСТА: testDropdownContainsAllOptions
февр. 01, 2026 7:51:41 PM com.lr12.test.pages.CheckboxesPage navigateToPage
INFO: Перейдено на страницу Checkboxes
февр. 01, 2026 7:51:41 PM com.lr12.test.pages.AddRemoveElementsPage navigateToPage
INFO: Перейдено на страницу Add/Remove Elements
февр. 01, 2026 7:51:41 PM com.lr12.test.utils.ElementFinder findAllButtons
INFO: Ищу ВСЕ кнопки...
февр. 01, 2026 7:51:41 PM com.lr12.test.listeners.TestListener onTestStart
INFO: НАЧАЛО ТЕСТА: testCheckFirstCheckbox
февр. 01, 2026 7:51:41 PM com.lr12.test.utils.ElementFinder findAllButtons
INFO: Найдено кнопок: 1
февр. 01, 2026 7:51:41 PM com.lr12.test.pages.CheckboxesPage getAllCheckboxes
INFO: Найдено чекбоксов: 2
февр. 01, 2026 7:51:41 PM com.lr12.test.pages.BasePage findVisibleElement
INFO: Видимый элемент найден: By.id: dropdown
февр. 01, 2026 7:51:41 PM com.lr12.test.pages.CheckboxesPage isCheckboxChecked
INFO: Чекбокс #0 отмечен: false
февр. 01, 2026 7:51:41 PM com.lr12.test.pages.CheckboxesPage getAllCheckboxes
INFO: Найдено чекбоксов: 2
февр. 01, 2026 7:51:41 PM com.lr12.test.utils.ElementFinder findAllButtons
INFO:   [0] Text: 'Add Element', Class: '', OnClick: 'addElement()'
февр. 01, 2026 7:51:41 PM com.lr12.test.listeners.TestListener onTestStart
INFO: НАЧАЛО ТЕСТА: testAddAndDeleteElement
февр. 01, 2026 7:51:41 PM com.lr12.test.pages.AddRemoveElementsPage addElement
INFO: Попытка добавить элемент
февр. 01, 2026 7:51:41 PM com.lr12.test.pages.DropdownPage getAllOptions
INFO: Найдено опций: 3
февр. 01, 2026 7:51:41 PM com.lr12.test.pages.DropdownPage getAllOptionTexts
INFO: Все опции: [Please select an option, Option 1, Option 2]
февр. 01, 2026 7:51:41 PM com.lr12.test.listeners.TestListener onTestSuccess
INFO: УСПЕХ: testDropdownContainsAllOptions (Время: 160ms)
]]></system-err>
  </testcase>
  <testcase name="testDropdownOptionsCount" classname="com.lr12.test.tests.DropdownTest" time="0.114">
    <system-err><![CDATA[февр. 01, 2026 7:51:44 PM com.lr12.test.base.TestBase tearDown
INFO: ========== КОНЕЦ ТЕСТА (Поток: 52) ==========
февр. 01, 2026 7:51:44 PM com.lr12.test.pages.BasePage findVisibleElement
INFO: Видимый элемент найден: By.id: dropdown
февр. 01, 2026 7:51:44 PM com.lr12.test.pages.DropdownPage getAllOptions
INFO: Найдено опций: 3
февр. 01, 2026 7:51:44 PM com.lr12.test.pages.DropdownPage getOptionsCount
INFO: Всего опций: 3
февр. 01, 2026 7:51:44 PM com.lr12.test.listeners.TestListener onTestSuccess
INFO: УСПЕХ: testDropdownOptionsCount (Время: 111ms)
]]></system-err>
  </testcase>
  <testcase name="testOptionExists" classname="com.lr12.test.tests.DropdownTest" time="0.331">
    <system-err><![CDATA[февр. 01, 2026 7:51:46 PM com.lr12.test.base.TestBase tearDown
INFO: ========== КОНЕЦ ТЕСТА (Поток: 52) ==========
февр. 01, 2026 7:51:46 PM com.lr12.test.config.ThreadSafeDriver removeDriver
INFO: WebDriver закрыт для потока: 52
февр. 01, 2026 7:51:46 PM com.lr12.test.base.TestBase setUp
INFO: ========== НАЧАЛО ТЕСТА (Поток: 52) ==========
февр. 01, 2026 7:51:46 PM com.lr12.test.config.DriverFactory createChromeDriver
INFO: Инициализация Chrome WebDriver...
февр. 01, 2026 7:51:46 PM com.lr12.test.config.DriverFactory createChromeDriver
INFO: Headless режим: ВКЛЮЧЕН
февр. 01, 2026 7:51:46 PM com.lr12.test.pages.DropdownPage navigateToPage
INFO: Перейдено на страницу Dropdown
февр. 01, 2026 7:51:46 PM com.lr12.test.listeners.TestListener onTestStart
INFO: НАЧАЛО ТЕСТА: testOptionExists
февр. 01, 2026 7:51:46 PM com.lr12.test.pages.BasePage findVisibleElement
INFO: Видимый элемент найден: By.id: dropdown
февр. 01, 2026 7:51:46 PM com.lr12.test.pages.DropdownPage getAllOptions
INFO: Найдено опций: 3
февр. 01, 2026 7:51:47 PM com.lr12.test.pages.DropdownPage getAllOptionTexts
INFO: Все опции: [Please select an option, Option 1, Option 2]
февр. 01, 2026 7:51:47 PM com.lr12.test.pages.DropdownPage optionExists
INFO: Опция 'Option 1' существует: true
февр. 01, 2026 7:51:47 PM com.lr12.test.pages.BasePage findVisibleElement
INFO: Видимый элемент найден: By.id: dropdown
февр. 01, 2026 7:51:47 PM com.lr12.test.pages.DropdownPage getAllOptions
INFO: Найдено опций: 3
февр. 01, 2026 7:51:47 PM com.lr12.test.pages.DropdownPage getAllOptionTexts
INFO: Все опции: [Please select an option, Option 1, Option 2]
февр. 01, 2026 7:51:47 PM com.lr12.test.pages.DropdownPage optionExists
INFO: Опция 'Option 2' существует: true
февр. 01, 2026 7:51:47 PM com.lr12.test.pages.BasePage findVisibleElement
INFO: Видимый элемент найден: By.id: dropdown
февр. 01, 2026 7:51:47 PM com.lr12.test.pages.DropdownPage getAllOptions
INFO: Найдено опций: 3
февр. 01, 2026 7:51:47 PM com.lr12.test.pages.DropdownPage getAllOptionTexts
INFO: Все опции: [Please select an option, Option 1, Option 2]
февр. 01, 2026 7:51:47 PM com.lr12.test.pages.DropdownPage optionExists
INFO: Опция 'Option 999' существует: false
февр. 01, 2026 7:51:47 PM com.lr12.test.listeners.TestListener onTestSuccess
INFO: УСПЕХ: testOptionExists (Время: 329ms)
]]></system-err>
  </testcase>
  <testcase name="testSelectFirstOption" classname="com.lr12.test.tests.DropdownTest" time="0.352">
    <system-err><![CDATA[февр. 01, 2026 7:51:49 PM com.lr12.test.base.TestBase tearDown
INFO: ========== КОНЕЦ ТЕСТА (Поток: 52) ==========
февр. 01, 2026 7:51:49 PM com.lr12.test.utils.ElementFinder findAllInputs
INFO: 🔍 Ищу ВСЕ inputs...
февр. 01, 2026 7:51:49 PM com.lr12.test.utils.ElementFinder findAllInputs
INFO: Найдено inputs: 1
февр. 01, 2026 7:51:49 PM com.lr12.test.utils.ElementFinder findAllInputs
INFO:   [0] Type: 'number', Name: '', ID: ''
февр. 01, 2026 7:51:49 PM com.lr12.test.pages.InputsPage enterNumber
INFO: Ввожу число: 123
февр. 01, 2026 7:51:49 PM com.lr12.test.pages.InputsPage getInputField
INFO: Ищу input field
февр. 01, 2026 7:51:49 PM com.lr12.test.utils.ElementFinder findInputByType
INFO: Ищу input type='number'
февр. 01, 2026 7:51:49 PM com.lr12.test.config.ThreadSafeDriver removeDriver
INFO: WebDriver закрыт для потока: 52
февр. 01, 2026 7:51:49 PM com.lr12.test.base.TestBase setUp
INFO: ========== НАЧАЛО ТЕСТА (Поток: 52) ==========
февр. 01, 2026 7:51:49 PM com.lr12.test.config.DriverFactory createChromeDriver
INFO: Инициализация Chrome WebDriver...
февр. 01, 2026 7:51:49 PM com.lr12.test.utils.ElementFinder findInputByType
INFO: Найден input
февр. 01, 2026 7:51:49 PM com.lr12.test.config.DriverFactory createChromeDriver
INFO: Headless режим: ВКЛЮЧЕН
февр. 01, 2026 7:51:49 PM com.lr12.test.pages.DropdownPage navigateToPage
INFO: Перейдено на страницу Dropdown
февр. 01, 2026 7:51:49 PM com.lr12.test.listeners.TestListener onTestStart
INFO: НАЧАЛО ТЕСТА: testSelectFirstOption
февр. 01, 2026 7:51:49 PM com.lr12.test.pages.BasePage findVisibleElement
INFO: Видимый элемент найден: By.id: dropdown
февр. 01, 2026 7:51:49 PM com.lr12.test.utils.ElementFinder logElementInfo
INFO:   ├─ Tag: input
февр. 01, 2026 7:51:49 PM com.lr12.test.utils.ElementFinder logElementInfo
INFO:   ├─ Type: 'number'
февр. 01, 2026 7:51:49 PM com.lr12.test.pages.BasePage selectByIndex
INFO: Опция выбрана по индексу: 1
февр. 01, 2026 7:51:49 PM com.lr12.test.pages.BasePage findVisibleElement
INFO: Видимый элемент найден: By.id: dropdown
февр. 01, 2026 7:51:49 PM com.lr12.test.pages.DropdownPage selectOptionByIndex
INFO: Выбрана опция #1: Option 1
февр. 01, 2026 7:51:49 PM com.lr12.test.pages.BasePage findVisibleElement
INFO: Видимый элемент найден: By.id: dropdown
февр. 01, 2026 7:51:50 PM com.lr12.test.pages.DropdownPage getSelectedOption
INFO: Выбранная опция: Option 1
февр. 01, 2026 7:51:50 PM com.lr12.test.listeners.TestListener onTestSuccess
INFO: УСПЕХ: testSelectFirstOption (Время: 351ms)
]]></system-err>
  </testcase>
  <testcase name="testSelectSecondOption" classname="com.lr12.test.tests.DropdownTest" time="0.435">
    <system-err><![CDATA[февр. 01, 2026 7:51:52 PM com.lr12.test.base.TestBase tearDown
INFO: ========== КОНЕЦ ТЕСТА (Поток: 52) ==========
февр. 01, 2026 7:51:52 PM com.lr12.test.config.ThreadSafeDriver removeDriver
INFO: WebDriver закрыт для потока: 52
февр. 01, 2026 7:51:52 PM com.lr12.test.base.TestBase setUp
INFO: ========== НАЧАЛО ТЕСТА (Поток: 52) ==========
февр. 01, 2026 7:51:52 PM com.lr12.test.config.DriverFactory createChromeDriver
INFO: Инициализация Chrome WebDriver...
февр. 01, 2026 7:51:52 PM com.lr12.test.config.DriverFactory createChromeDriver
INFO: Headless режим: ВКЛЮЧЕН
февр. 01, 2026 7:51:52 PM com.lr12.test.pages.DropdownPage navigateToPage
INFO: Перейдено на страницу Dropdown
февр. 01, 2026 7:51:52 PM com.lr12.test.listeners.TestListener onTestStart
INFO: НАЧАЛО ТЕСТА: testSelectSecondOption
февр. 01, 2026 7:51:52 PM com.lr12.test.pages.BasePage findVisibleElement
INFO: Видимый элемент найден: By.id: dropdown
февр. 01, 2026 7:51:52 PM com.lr12.test.pages.InputsPage navigateToPage
INFO: Перейдено на страницу Inputs
февр. 01, 2026 7:51:52 PM com.lr12.test.pages.BasePage selectByIndex
INFO: Опция выбрана по индексу: 2
февр. 01, 2026 7:51:53 PM com.lr12.test.pages.BasePage findVisibleElement
INFO: Видимый элемент найден: By.id: dropdown
февр. 01, 2026 7:51:53 PM org.openqa.selenium.devtools.CdpVersionFinder findNearestMatch
WARNING: Unable to find CDP implementation matching 144
февр. 01, 2026 7:51:53 PM org.openqa.selenium.chromium.ChromiumDriver lambda$new$5
WARNING: Unable to find version of CDP to use for 144.0.7559.110. You may need to include a dependency on a specific version of the CDP using something similar to `org.seleniumhq.selenium:selenium-devtools-v86:4.15.0` where the version ("v86") matches the version of the chromium-based browser you're using and the version number of the artifact is the same as Selenium's.
февр. 01, 2026 7:51:53 PM com.lr12.test.config.ThreadSafeDriver setDriver
INFO: WebDriver инициализирован для потока: 52
февр. 01, 2026 7:51:53 PM com.lr12.test.pages.DropdownPage selectOptionByIndex
INFO: Выбрана опция #2: Option 2
февр. 01, 2026 7:51:53 PM com.lr12.test.base.TestBase setUp
INFO: WebDriver инициализирован (Поток: 52)
февр. 01, 2026 7:51:53 PM com.lr12.test.pages.BasePage navigateTo
INFO: Переход на URL: http://the-internet.herokuapp.com/checkboxes
февр. 01, 2026 7:51:53 PM com.lr12.test.pages.BasePage findVisibleElement
INFO: Видимый элемент найден: By.id: dropdown
февр. 01, 2026 7:51:53 PM com.lr12.test.pages.DropdownPage getSelectedOption
INFO: Выбранная опция: Option 2
февр. 01, 2026 7:51:53 PM com.lr12.test.listeners.TestListener onTestSuccess
INFO: УСПЕХ: testSelectSecondOption (Время: 434ms)
]]></system-err>
  </testcase>
  <testcase name="testSwitchBetweenOptions" classname="com.lr12.test.tests.DropdownTest" time="0.581">
    <system-err><![CDATA[февр. 01, 2026 7:51:54 PM com.lr12.test.base.TestBase tearDown
INFO: ========== КОНЕЦ ТЕСТА (Поток: 52) ==========
февр. 01, 2026 7:51:55 PM com.lr12.test.config.ThreadSafeDriver removeDriver
INFO: WebDriver закрыт для потока: 52
февр. 01, 2026 7:51:55 PM com.lr12.test.base.TestBase setUp
INFO: ========== НАЧАЛО ТЕСТА (Поток: 52) ==========
февр. 01, 2026 7:51:55 PM com.lr12.test.config.DriverFactory createChromeDriver
INFO: Инициализация Chrome WebDriver...
февр. 01, 2026 7:51:55 PM com.lr12.test.config.DriverFactory createChromeDriver
INFO: Headless режим: ВКЛЮЧЕН
февр. 01, 2026 7:51:55 PM org.openqa.selenium.devtools.CdpVersionFinder findNearestMatch
WARNING: Unable to find CDP implementation matching 144
февр. 01, 2026 7:51:55 PM org.openqa.selenium.chromium.ChromiumDriver lambda$new$5
WARNING: Unable to find version of CDP to use for 144.0.7559.110. You may need to include a dependency on a specific version of the CDP using something similar to `org.seleniumhq.selenium:selenium-devtools-v86:4.15.0` where the version ("v86") matches the version of the chromium-based browser you're using and the version number of the artifact is the same as Selenium's.
февр. 01, 2026 7:51:55 PM com.lr12.test.config.ThreadSafeDriver setDriver
INFO: WebDriver инициализирован для потока: 54
февр. 01, 2026 7:51:55 PM com.lr12.test.base.TestBase setUp
INFO: WebDriver инициализирован (Поток: 54)
февр. 01, 2026 7:51:55 PM com.lr12.test.pages.BasePage navigateTo
INFO: Переход на URL: http://the-internet.herokuapp.com/inputs
февр. 01, 2026 7:51:55 PM com.lr12.test.pages.DropdownPage navigateToPage
INFO: Перейдено на страницу Dropdown
февр. 01, 2026 7:51:55 PM com.lr12.test.listeners.TestListener onTestStart
INFO: НАЧАЛО ТЕСТА: testSwitchBetweenOptions
февр. 01, 2026 7:51:55 PM com.lr12.test.pages.BasePage findVisibleElement
INFO: Видимый элемент найден: By.id: dropdown
февр. 01, 2026 7:51:55 PM com.lr12.test.pages.BasePage selectByIndex
INFO: Опция выбрана по индексу: 1
февр. 01, 2026 7:51:55 PM com.lr12.test.pages.BasePage findVisibleElement
INFO: Видимый элемент найден: By.id: dropdown
февр. 01, 2026 7:51:55 PM com.lr12.test.pages.DropdownPage selectOptionByIndex
INFO: Выбрана опция #1: Option 1
февр. 01, 2026 7:51:55 PM com.lr12.test.pages.BasePage findVisibleElement
INFO: Видимый элемент найден: By.id: dropdown
февр. 01, 2026 7:51:55 PM com.lr12.test.pages.DropdownPage getSelectedOption
INFO: Выбранная опция: Option 1
февр. 01, 2026 7:51:55 PM com.lr12.test.pages.BasePage findVisibleElement
INFO: Видимый элемент найден: By.id: dropdown
февр. 01, 2026 7:51:55 PM org.openqa.selenium.devtools.CdpVersionFinder findNearestMatch
WARNING: Unable to find CDP implementation matching 144
февр. 01, 2026 7:51:55 PM org.openqa.selenium.chromium.ChromiumDriver lambda$new$5
WARNING: Unable to find version of CDP to use for 144.0.7559.110. You may need to include a dependency on a specific version of the CDP using something similar to `org.seleniumhq.selenium:selenium-devtools-v86:4.15.0` where the version ("v86") matches the version of the chromium-based browser you're using and the version number of the artifact is the same as Selenium's.
февр. 01, 2026 7:51:55 PM com.lr12.test.config.ThreadSafeDriver setDriver
INFO: WebDriver инициализирован для потока: 52
февр. 01, 2026 7:51:55 PM com.lr12.test.base.TestBase setUp
INFO: WebDriver инициализирован (Поток: 52)
февр. 01, 2026 7:51:55 PM com.lr12.test.pages.BasePage navigateTo
INFO: Переход на URL: http://the-internet.herokuapp.com/typos
февр. 01, 2026 7:51:55 PM com.lr12.test.pages.BasePage selectByIndex
INFO: Опция выбрана по индексу: 2
февр. 01, 2026 7:51:55 PM com.lr12.test.pages.BasePage findVisibleElement
INFO: Видимый элемент найден: By.id: dropdown
февр. 01, 2026 7:51:56 PM com.lr12.test.pages.DropdownPage selectOptionByIndex
INFO: Выбрана опция #2: Option 2
февр. 01, 2026 7:51:56 PM com.lr12.test.pages.BasePage findVisibleElement
INFO: Видимый элемент найден: By.id: dropdown
февр. 01, 2026 7:51:56 PM com.lr12.test.pages.DropdownPage getSelectedOption
INFO: Выбранная опция: Option 2
февр. 01, 2026 7:51:56 PM com.lr12.test.listeners.TestListener onTestSuccess
INFO: УСПЕХ: testSwitchBetweenOptions (Время: 580ms)
]]></system-err>
  </testcase>
  <testcase name="testCheckFirstCheckbox" classname="com.lr12.test.tests.CheckboxesTest" time="0.188">
    <system-err><![CDATA[февр. 01, 2026 7:51:41 PM com.lr12.test.base.TestBase tearDown
INFO: ========== КОНЕЦ ТЕСТА (Поток: 53) ==========
февр. 01, 2026 7:51:41 PM com.lr12.test.pages.CheckboxesPage checkCheckbox
INFO: Чекбокс #0 отмечен
февр. 01, 2026 7:51:41 PM com.lr12.test.pages.CheckboxesPage getAllCheckboxes
INFO: Найдено чекбоксов: 2
февр. 01, 2026 7:51:41 PM com.lr12.test.pages.CheckboxesPage isCheckboxChecked
INFO: Чекбокс #0 отмечен: true
февр. 01, 2026 7:51:41 PM com.lr12.test.listeners.TestListener onTestSuccess
INFO: УСПЕХ: testCheckFirstCheckbox (Время: 281ms)
]]></system-err>
  </testcase>
  <testcase name="testFirstCheckboxInitialStateUnchecked" classname="com.lr12.test.tests.CheckboxesTest" time="0.024">
    <system-err><![CDATA[февр. 01, 2026 7:51:41 PM com.lr12.test.base.TestBase tearDown
INFO: ========== КОНЕЦ ТЕСТА (Поток: 52) ==========
февр. 01, 2026 7:51:41 PM com.lr12.test.config.ThreadSafeDriver removeDriver
INFO: WebDriver закрыт для потока: 53
февр. 01, 2026 7:51:41 PM com.lr12.test.base.TestBase setUp
INFO: ========== НАЧАЛО ТЕСТА (Поток: 53) ==========
февр. 01, 2026 7:51:41 PM com.lr12.test.config.DriverFactory createChromeDriver
INFO: Инициализация Chrome WebDriver...
февр. 01, 2026 7:51:41 PM com.lr12.test.config.DriverFactory createChromeDriver
INFO: Headless режим: ВКЛЮЧЕН
февр. 01, 2026 7:51:41 PM com.lr12.test.config.ThreadSafeDriver removeDriver
INFO: WebDriver закрыт для потока: 52
февр. 01, 2026 7:51:41 PM com.lr12.test.base.TestBase setUp
INFO: ========== НАЧАЛО ТЕСТА (Поток: 52) ==========
февр. 01, 2026 7:51:41 PM com.lr12.test.config.DriverFactory createChromeDriver
INFO: Инициализация Chrome WebDriver...
февр. 01, 2026 7:51:41 PM com.lr12.test.config.DriverFactory createChromeDriver
INFO: Headless режим: ВКЛЮЧЕН
февр. 01, 2026 7:51:41 PM com.lr12.test.pages.AddRemoveElementsPage addElement
INFO: Элемент добавлен (XPath)
февр. 01, 2026 7:51:41 PM com.lr12.test.pages.AddRemoveElementsPage getDeleteButtonsCount
INFO: Ищу DELETE кнопки
февр. 01, 2026 7:51:42 PM com.lr12.test.pages.AddRemoveElementsPage getDeleteButtonsCount
INFO: Найдено DELETE кнопок (XPath): 1
февр. 01, 2026 7:51:42 PM com.lr12.test.pages.AddRemoveElementsPage deleteElement
INFO: Удаляю элемент #0
февр. 01, 2026 7:51:42 PM com.lr12.test.utils.ElementFinder findAllButtons
INFO: Ищу ВСЕ кнопки...
февр. 01, 2026 7:51:42 PM com.lr12.test.utils.ElementFinder findAllButtons
INFO: Найдено кнопок: 2
февр. 01, 2026 7:51:42 PM com.lr12.test.utils.ElementFinder findAllButtons
INFO:   [0] Text: 'Add Element', Class: '', OnClick: 'addElement()'
февр. 01, 2026 7:51:42 PM com.lr12.test.pages.InputsPage navigateToPage
INFO: Перейдено на страницу Inputs
февр. 01, 2026 7:51:42 PM com.lr12.test.utils.ElementFinder findAllButtons
INFO:   [1] Text: 'Delete', Class: 'added-manually', OnClick: 'deleteElement()'
февр. 01, 2026 7:51:42 PM org.openqa.selenium.devtools.CdpVersionFinder findNearestMatch
WARNING: Unable to find CDP implementation matching 144
февр. 01, 2026 7:51:42 PM org.openqa.selenium.chromium.ChromiumDriver lambda$new$5
WARNING: Unable to find version of CDP to use for 144.0.7559.110. You may need to include a dependency on a specific version of the CDP using something similar to `org.seleniumhq.selenium:selenium-devtools-v86:4.15.0` where the version ("v86") matches the version of the chromium-based browser you're using and the version number of the artifact is the same as Selenium's.
февр. 01, 2026 7:51:42 PM com.lr12.test.config.ThreadSafeDriver setDriver
INFO: WebDriver инициализирован для потока: 53
февр. 01, 2026 7:51:42 PM org.openqa.selenium.devtools.CdpVersionFinder findNearestMatch
WARNING: Unable to find CDP implementation matching 144
февр. 01, 2026 7:51:42 PM org.openqa.selenium.chromium.ChromiumDriver lambda$new$5
WARNING: Unable to find version of CDP to use for 144.0.7559.110. You may need to include a dependency on a specific version of the CDP using something similar to `org.seleniumhq.selenium:selenium-devtools-v86:4.15.0` where the version ("v86") matches the version of the chromium-based browser you're using and the version number of the artifact is the same as Selenium's.
февр. 01, 2026 7:51:42 PM com.lr12.test.config.ThreadSafeDriver setDriver
INFO: WebDriver инициализирован для потока: 52
февр. 01, 2026 7:51:42 PM com.lr12.test.base.TestBase setUp
INFO: WebDriver инициализирован (Поток: 53)
февр. 01, 2026 7:51:42 PM com.lr12.test.pages.BasePage navigateTo
INFO: Переход на URL: http://the-internet.herokuapp.com/dropdown
февр. 01, 2026 7:51:42 PM com.lr12.test.base.TestBase setUp
INFO: WebDriver инициализирован (Поток: 52)
февр. 01, 2026 7:51:42 PM com.lr12.test.pages.BasePage navigateTo
INFO: Переход на URL: http://the-internet.herokuapp.com/checkboxes
февр. 01, 2026 7:51:43 PM com.lr12.test.pages.AddRemoveElementsPage deleteElement
INFO: Элемент #0 удалён
февр. 01, 2026 7:51:43 PM com.lr12.test.pages.AddRemoveElementsPage getDeleteButtonsCount
INFO: Ищу DELETE кнопки
февр. 01, 2026 7:51:43 PM com.lr12.test.utils.ElementFinder findAllInputs
INFO: 🔍 Ищу ВСЕ inputs...
февр. 01, 2026 7:51:43 PM com.lr12.test.utils.ElementFinder findAllInputs
INFO: Найдено inputs: 1
февр. 01, 2026 7:51:43 PM com.lr12.test.utils.ElementFinder findAllInputs
INFO:   [0] Type: 'number', Name: '', ID: ''
февр. 01, 2026 7:51:43 PM com.lr12.test.listeners.TestListener onTestStart
INFO: НАЧАЛО ТЕСТА: testClearInput
февр. 01, 2026 7:51:43 PM com.lr12.test.pages.InputsPage enterNumber
INFO: Ввожу число: 123
февр. 01, 2026 7:51:43 PM com.lr12.test.pages.InputsPage getInputField
INFO: Ищу input field
февр. 01, 2026 7:51:43 PM com.lr12.test.utils.ElementFinder findInputByType
INFO: Ищу input type='number'
февр. 01, 2026 7:51:43 PM com.lr12.test.utils.ElementFinder findInputByType
INFO: Найден input
февр. 01, 2026 7:51:43 PM com.lr12.test.utils.ElementFinder logElementInfo
INFO:   ├─ Tag: input
февр. 01, 2026 7:51:43 PM com.lr12.test.utils.ElementFinder logElementInfo
INFO:   ├─ Type: 'number'
февр. 01, 2026 7:51:43 PM com.lr12.test.pages.InputsPage enterNumber
INFO: Число введено
февр. 01, 2026 7:51:43 PM com.lr12.test.pages.InputsPage getInputField
INFO: Ищу input field
февр. 01, 2026 7:51:43 PM com.lr12.test.utils.ElementFinder findInputByType
INFO: Ищу input type='number'
февр. 01, 2026 7:51:43 PM com.lr12.test.utils.ElementFinder findInputByType
INFO: Найден input
февр. 01, 2026 7:51:43 PM com.lr12.test.utils.ElementFinder logElementInfo
INFO:   ├─ Tag: input
февр. 01, 2026 7:51:43 PM com.lr12.test.utils.ElementFinder logElementInfo
INFO:   ├─ Type: 'number'
февр. 01, 2026 7:51:43 PM com.lr12.test.pages.InputsPage getInputValue
INFO: Текущее значение: '123'
февр. 01, 2026 7:51:43 PM com.lr12.test.pages.InputsPage clearInput
INFO: Очищаю input
февр. 01, 2026 7:51:43 PM com.lr12.test.pages.InputsPage getInputField
INFO: Ищу input field
февр. 01, 2026 7:51:43 PM com.lr12.test.utils.ElementFinder findInputByType
INFO: Ищу input type='number'
февр. 01, 2026 7:51:43 PM com.lr12.test.utils.ElementFinder findInputByType
INFO: Найден input
февр. 01, 2026 7:51:44 PM com.lr12.test.utils.ElementFinder logElementInfo
INFO:   ├─ Tag: input
февр. 01, 2026 7:51:44 PM com.lr12.test.utils.ElementFinder logElementInfo
INFO:   ├─ Type: 'number'
февр. 01, 2026 7:51:44 PM com.lr12.test.pages.CheckboxesPage navigateToPage
INFO: Перейдено на страницу Checkboxes
февр. 01, 2026 7:51:44 PM com.lr12.test.listeners.TestListener onTestStart
INFO: НАЧАЛО ТЕСТА: testFirstCheckboxInitialStateUnchecked
февр. 01, 2026 7:51:44 PM com.lr12.test.pages.DropdownPage navigateToPage
INFO: Перейдено на страницу Dropdown
февр. 01, 2026 7:51:44 PM com.lr12.test.listeners.TestListener onTestStart
INFO: НАЧАЛО ТЕСТА: testDropdownOptionsCount
февр. 01, 2026 7:51:44 PM com.lr12.test.pages.CheckboxesPage getAllCheckboxes
INFO: Найдено чекбоксов: 2
февр. 01, 2026 7:51:44 PM com.lr12.test.pages.CheckboxesPage isCheckboxChecked
INFO: Чекбокс #0 отмечен: false
февр. 01, 2026 7:51:44 PM com.lr12.test.listeners.TestListener onTestSuccess
INFO: УСПЕХ: testFirstCheckboxInitialStateUnchecked (Время: 54ms)
]]></system-err>
  </testcase>
  <testcase name="testSecondCheckboxInitialStateChecked" classname="com.lr12.test.tests.CheckboxesTest" time="0.047">
    <system-err><![CDATA[февр. 01, 2026 7:51:44 PM com.lr12.test.base.TestBase tearDown
INFO: ========== КОНЕЦ ТЕСТА (Поток: 54) ==========
февр. 01, 2026 7:51:44 PM com.lr12.test.config.ThreadSafeDriver removeDriver
INFO: WebDriver закрыт для потока: 54
февр. 01, 2026 7:51:44 PM com.lr12.test.base.TestBase setUp
INFO: ========== НАЧАЛО ТЕСТА (Поток: 54) ==========
февр. 01, 2026 7:51:44 PM com.lr12.test.config.DriverFactory createChromeDriver
INFO: Инициализация Chrome WebDriver...
февр. 01, 2026 7:51:44 PM com.lr12.test.config.DriverFactory createChromeDriver
INFO: Headless режим: ВКЛЮЧЕН
февр. 01, 2026 7:51:45 PM org.openqa.selenium.devtools.CdpVersionFinder findNearestMatch
WARNING: Unable to find CDP implementation matching 144
февр. 01, 2026 7:51:45 PM org.openqa.selenium.chromium.ChromiumDriver lambda$new$5
WARNING: Unable to find version of CDP to use for 144.0.7559.110. You may need to include a dependency on a specific version of the CDP using something similar to `org.seleniumhq.selenium:selenium-devtools-v86:4.15.0` where the version ("v86") matches the version of the chromium-based browser you're using and the version number of the artifact is the same as Selenium's.
февр. 01, 2026 7:51:45 PM com.lr12.test.config.ThreadSafeDriver setDriver
INFO: WebDriver инициализирован для потока: 52
февр. 01, 2026 7:51:45 PM com.lr12.test.base.TestBase setUp
INFO: WebDriver инициализирован (Поток: 52)
февр. 01, 2026 7:51:45 PM com.lr12.test.pages.BasePage navigateTo
INFO: Переход на URL: http://the-internet.herokuapp.com/checkboxes
февр. 01, 2026 7:51:45 PM org.openqa.selenium.devtools.CdpVersionFinder findNearestMatch
WARNING: Unable to find CDP implementation matching 144
февр. 01, 2026 7:51:45 PM org.openqa.selenium.chromium.ChromiumDriver lambda$new$5
WARNING: Unable to find version of CDP to use for 144.0.7559.110. You may need to include a dependency on a specific version of the CDP using something similar to `org.seleniumhq.selenium:selenium-devtools-v86:4.15.0` where the version ("v86") matches the version of the chromium-based browser you're using and the version number of the artifact is the same as Selenium's.
февр. 01, 2026 7:51:45 PM com.lr12.test.config.ThreadSafeDriver setDriver
INFO: WebDriver инициализирован для потока: 53
февр. 01, 2026 7:51:45 PM com.lr12.test.base.TestBase setUp
INFO: WebDriver инициализирован (Поток: 53)
февр. 01, 2026 7:51:45 PM com.lr12.test.pages.BasePage navigateTo
INFO: Переход на URL: http://the-internet.herokuapp.com/dropdown
февр. 01, 2026 7:51:45 PM org.openqa.selenium.devtools.CdpVersionFinder findNearestMatch
WARNING: Unable to find CDP implementation matching 144
февр. 01, 2026 7:51:45 PM org.openqa.selenium.chromium.ChromiumDriver lambda$new$5
WARNING: Unable to find version of CDP to use for 144.0.7559.110. You may need to include a dependency on a specific version of the CDP using something similar to `org.seleniumhq.selenium:selenium-devtools-v86:4.15.0` where the version ("v86") matches the version of the chromium-based browser you're using and the version number of the artifact is the same as Selenium's.
февр. 01, 2026 7:51:45 PM com.lr12.test.config.ThreadSafeDriver setDriver
INFO: WebDriver инициализирован для потока: 54
февр. 01, 2026 7:51:45 PM com.lr12.test.base.TestBase setUp
INFO: WebDriver инициализирован (Поток: 54)
февр. 01, 2026 7:51:45 PM com.lr12.test.pages.BasePage navigateTo
INFO: Переход на URL: http://the-internet.herokuapp.com/inputs
февр. 01, 2026 7:51:46 PM com.lr12.test.pages.CheckboxesPage navigateToPage
INFO: Перейдено на страницу Checkboxes
февр. 01, 2026 7:51:46 PM com.lr12.test.listeners.TestListener onTestStart
INFO: НАЧАЛО ТЕСТА: testSecondCheckboxInitialStateChecked
февр. 01, 2026 7:51:46 PM com.lr12.test.pages.CheckboxesPage getAllCheckboxes
INFO: Найдено чекбоксов: 2
февр. 01, 2026 7:51:46 PM com.lr12.test.pages.CheckboxesPage isCheckboxChecked
INFO: Чекбокс #1 отмечен: true
февр. 01, 2026 7:51:46 PM com.lr12.test.listeners.TestListener onTestSuccess
INFO: УСПЕХ: testSecondCheckboxInitialStateChecked (Время: 45ms)
]]></system-err>
  </testcase>
  <testcase name="testToggleBothCheckboxes" classname="com.lr12.test.tests.CheckboxesTest" time="0.2">
    <system-err><![CDATA[февр. 01, 2026 7:51:47 PM com.lr12.test.base.TestBase tearDown
INFO: ========== КОНЕЦ ТЕСТА (Поток: 53) ==========
февр. 01, 2026 7:51:47 PM com.lr12.test.pages.InputsPage navigateToPage
INFO: Перейдено на страницу Inputs
февр. 01, 2026 7:51:47 PM com.lr12.test.config.ThreadSafeDriver removeDriver
INFO: WebDriver закрыт для потока: 53
февр. 01, 2026 7:51:47 PM com.lr12.test.base.TestBase setUp
INFO: ========== НАЧАЛО ТЕСТА (Поток: 53) ==========
февр. 01, 2026 7:51:47 PM com.lr12.test.config.DriverFactory createChromeDriver
INFO: Инициализация Chrome WebDriver...
февр. 01, 2026 7:51:47 PM com.lr12.test.config.DriverFactory createChromeDriver
INFO: Headless режим: ВКЛЮЧЕН
февр. 01, 2026 7:51:47 PM org.openqa.selenium.devtools.CdpVersionFinder findNearestMatch
WARNING: Unable to find CDP implementation matching 144
февр. 01, 2026 7:51:47 PM org.openqa.selenium.chromium.ChromiumDriver lambda$new$5
WARNING: Unable to find version of CDP to use for 144.0.7559.110. You may need to include a dependency on a specific version of the CDP using something similar to `org.seleniumhq.selenium:selenium-devtools-v86:4.15.0` where the version ("v86") matches the version of the chromium-based browser you're using and the version number of the artifact is the same as Selenium's.
февр. 01, 2026 7:51:47 PM com.lr12.test.config.ThreadSafeDriver setDriver
INFO: WebDriver инициализирован для потока: 52
февр. 01, 2026 7:51:47 PM com.lr12.test.base.TestBase setUp
INFO: WebDriver инициализирован (Поток: 52)
февр. 01, 2026 7:51:47 PM com.lr12.test.pages.BasePage navigateTo
INFO: Переход на URL: http://the-internet.herokuapp.com/checkboxes
февр. 01, 2026 7:51:48 PM org.openqa.selenium.devtools.CdpVersionFinder findNearestMatch
WARNING: Unable to find CDP implementation matching 144
февр. 01, 2026 7:51:48 PM org.openqa.selenium.chromium.ChromiumDriver lambda$new$5
WARNING: Unable to find version of CDP to use for 144.0.7559.110. You may need to include a dependency on a specific version of the CDP using something similar to `org.seleniumhq.selenium:selenium-devtools-v86:4.15.0` where the version ("v86") matches the version of the chromium-based browser you're using and the version number of the artifact is the same as Selenium's.
февр. 01, 2026 7:51:48 PM com.lr12.test.config.ThreadSafeDriver setDriver
INFO: WebDriver инициализирован для потока: 53
февр. 01, 2026 7:51:48 PM com.lr12.test.base.TestBase setUp
INFO: WebDriver инициализирован (Поток: 53)
февр. 01, 2026 7:51:48 PM com.lr12.test.pages.BasePage navigateTo
INFO: Переход на URL: http://the-internet.herokuapp.com/dropdown
февр. 01, 2026 7:51:48 PM com.lr12.test.utils.ElementFinder findAllInputs
INFO: 🔍 Ищу ВСЕ inputs...
февр. 01, 2026 7:51:48 PM com.lr12.test.utils.ElementFinder findAllInputs
INFO: Найдено inputs: 1
февр. 01, 2026 7:51:48 PM com.lr12.test.utils.ElementFinder findAllInputs
INFO:   [0] Type: 'number', Name: '', ID: ''
февр. 01, 2026 7:51:48 PM com.lr12.test.listeners.TestListener onTestStart
INFO: НАЧАЛО ТЕСТА: testInputAlphanumeric
февр. 01, 2026 7:51:48 PM com.lr12.test.pages.BasePage navigateTo
INFO: Переход на URL: http://the-internet.herokuapp.com/inputs
февр. 01, 2026 7:51:48 PM com.lr12.test.pages.InputsPage navigateToPage
INFO: Перейдено на страницу Inputs
февр. 01, 2026 7:51:49 PM com.lr12.test.pages.CheckboxesPage navigateToPage
INFO: Перейдено на страницу Checkboxes
февр. 01, 2026 7:51:49 PM com.lr12.test.listeners.TestListener onTestStart
INFO: НАЧАЛО ТЕСТА: testToggleBothCheckboxes
февр. 01, 2026 7:51:49 PM com.lr12.test.pages.CheckboxesPage getAllCheckboxes
INFO: Найдено чекбоксов: 2
февр. 01, 2026 7:51:49 PM com.lr12.test.pages.CheckboxesPage isCheckboxChecked
INFO: Чекбокс #0 отмечен: false
февр. 01, 2026 7:51:49 PM com.lr12.test.pages.CheckboxesPage getAllCheckboxes
INFO: Найдено чекбоксов: 2
февр. 01, 2026 7:51:49 PM com.lr12.test.pages.CheckboxesPage isCheckboxChecked
INFO: Чекбокс #1 отмечен: true
февр. 01, 2026 7:51:49 PM com.lr12.test.pages.CheckboxesPage getAllCheckboxes
INFO: Найдено чекбоксов: 2
февр. 01, 2026 7:51:49 PM com.lr12.test.pages.CheckboxesPage toggleCheckbox
INFO: Чекбокс #0 переключен с false на true
февр. 01, 2026 7:51:49 PM com.lr12.test.pages.CheckboxesPage getAllCheckboxes
INFO: Найдено чекбоксов: 2
февр. 01, 2026 7:51:49 PM com.lr12.test.pages.CheckboxesPage toggleCheckbox
INFO: Чекбокс #1 переключен с true на false
февр. 01, 2026 7:51:49 PM com.lr12.test.pages.CheckboxesPage getAllCheckboxes
INFO: Найдено чекбоксов: 2
февр. 01, 2026 7:51:49 PM com.lr12.test.pages.CheckboxesPage isCheckboxChecked
INFO: Чекбокс #0 отмечен: true
февр. 01, 2026 7:51:49 PM com.lr12.test.pages.CheckboxesPage getAllCheckboxes
INFO: Найдено чекбоксов: 2
февр. 01, 2026 7:51:49 PM com.lr12.test.pages.CheckboxesPage isCheckboxChecked
INFO: Чекбокс #1 отмечен: false
февр. 01, 2026 7:51:49 PM com.lr12.test.listeners.TestListener onTestSuccess
INFO: УСПЕХ: testToggleBothCheckboxes (Время: 198ms)
]]></system-err>
  </testcase>
  <testcase name="testToggleCheckboxMultipleTimes" classname="com.lr12.test.tests.CheckboxesTest" time="0.198">
    <system-err><![CDATA[февр. 01, 2026 7:51:50 PM com.lr12.test.base.TestBase tearDown
INFO: ========== КОНЕЦ ТЕСТА (Поток: 54) ==========
февр. 01, 2026 7:51:50 PM org.openqa.selenium.devtools.CdpVersionFinder findNearestMatch
WARNING: Unable to find CDP implementation matching 144
февр. 01, 2026 7:51:50 PM org.openqa.selenium.chromium.ChromiumDriver lambda$new$5
WARNING: Unable to find version of CDP to use for 144.0.7559.110. You may need to include a dependency on a specific version of the CDP using something similar to `org.seleniumhq.selenium:selenium-devtools-v86:4.15.0` where the version ("v86") matches the version of the chromium-based browser you're using and the version number of the artifact is the same as Selenium's.
февр. 01, 2026 7:51:50 PM com.lr12.test.config.ThreadSafeDriver setDriver
INFO: WebDriver инициализирован для потока: 52
февр. 01, 2026 7:51:50 PM com.lr12.test.config.ThreadSafeDriver removeDriver
INFO: WebDriver закрыт для потока: 54
февр. 01, 2026 7:51:50 PM com.lr12.test.base.TestBase setUp
INFO: WebDriver инициализирован (Поток: 52)
февр. 01, 2026 7:51:50 PM com.lr12.test.pages.BasePage navigateTo
INFO: Переход на URL: http://the-internet.herokuapp.com/checkboxes
февр. 01, 2026 7:51:50 PM com.lr12.test.base.TestBase setUp
INFO: ========== НАЧАЛО ТЕСТА (Поток: 54) ==========
февр. 01, 2026 7:51:50 PM com.lr12.test.config.DriverFactory createChromeDriver
INFO: Инициализация Chrome WebDriver...
февр. 01, 2026 7:51:50 PM com.lr12.test.config.DriverFactory createChromeDriver
INFO: Headless режим: ВКЛЮЧЕН
февр. 01, 2026 7:51:50 PM org.openqa.selenium.devtools.CdpVersionFinder findNearestMatch
WARNING: Unable to find CDP implementation matching 144
февр. 01, 2026 7:51:50 PM org.openqa.selenium.chromium.ChromiumDriver lambda$new$5
WARNING: Unable to find version of CDP to use for 144.0.7559.110. You may need to include a dependency on a specific version of the CDP using something similar to `org.seleniumhq.selenium:selenium-devtools-v86:4.15.0` where the version ("v86") matches the version of the chromium-based browser you're using and the version number of the artifact is the same as Selenium's.
февр. 01, 2026 7:51:50 PM com.lr12.test.config.ThreadSafeDriver setDriver
INFO: WebDriver инициализирован для потока: 53
февр. 01, 2026 7:51:50 PM com.lr12.test.base.TestBase setUp
INFO: WebDriver инициализирован (Поток: 53)
февр. 01, 2026 7:51:50 PM com.lr12.test.pages.BasePage navigateTo
INFO: Переход на URL: http://the-internet.herokuapp.com/dropdown
февр. 01, 2026 7:51:51 PM org.openqa.selenium.devtools.CdpVersionFinder findNearestMatch
WARNING: Unable to find CDP implementation matching 144
февр. 01, 2026 7:51:51 PM org.openqa.selenium.chromium.ChromiumDriver lambda$new$5
WARNING: Unable to find version of CDP to use for 144.0.7559.110. You may need to include a dependency on a specific version of the CDP using something similar to `org.seleniumhq.selenium:selenium-devtools-v86:4.15.0` where the version ("v86") matches the version of the chromium-based browser you're using and the version number of the artifact is the same as Selenium's.
февр. 01, 2026 7:51:51 PM com.lr12.test.config.ThreadSafeDriver setDriver
INFO: WebDriver инициализирован для потока: 54
февр. 01, 2026 7:51:51 PM com.lr12.test.base.TestBase setUp
INFO: WebDriver инициализирован (Поток: 54)
февр. 01, 2026 7:51:51 PM com.lr12.test.pages.BasePage navigateTo
INFO: Переход на URL: http://the-internet.herokuapp.com/inputs
февр. 01, 2026 7:51:52 PM com.lr12.test.pages.CheckboxesPage navigateToPage
INFO: Перейдено на страницу Checkboxes
февр. 01, 2026 7:51:52 PM com.lr12.test.listeners.TestListener onTestStart
INFO: НАЧАЛО ТЕСТА: testToggleCheckboxMultipleTimes
февр. 01, 2026 7:51:52 PM com.lr12.test.pages.CheckboxesPage getAllCheckboxes
INFO: Найдено чекбоксов: 2
февр. 01, 2026 7:51:52 PM com.lr12.test.pages.CheckboxesPage isCheckboxChecked
INFO: Чекбокс #0 отмечен: false
февр. 01, 2026 7:51:52 PM com.lr12.test.pages.CheckboxesPage getAllCheckboxes
INFO: Найдено чекбоксов: 2
февр. 01, 2026 7:51:52 PM com.lr12.test.pages.CheckboxesPage toggleCheckbox
INFO: Чекбокс #0 переключен с false на true
февр. 01, 2026 7:51:52 PM com.lr12.test.pages.CheckboxesPage getAllCheckboxes
INFO: Найдено чекбоксов: 2
февр. 01, 2026 7:51:52 PM com.lr12.test.pages.CheckboxesPage toggleCheckbox
INFO: Чекбокс #0 переключен с true на false
февр. 01, 2026 7:51:52 PM com.lr12.test.pages.CheckboxesPage getAllCheckboxes
INFO: Найдено чекбоксов: 2
февр. 01, 2026 7:51:52 PM com.lr12.test.pages.CheckboxesPage isCheckboxChecked
INFO: Чекбокс #0 отмечен: false
февр. 01, 2026 7:51:52 PM com.lr12.test.listeners.TestListener onTestSuccess
INFO: УСПЕХ: testToggleCheckboxMultipleTimes (Время: 198ms)
]]></system-err>
  </testcase>
  <testcase name="testUncheckSecondCheckbox" classname="com.lr12.test.tests.CheckboxesTest" time="0.269">
    <system-err><![CDATA[февр. 01, 2026 7:51:54 PM com.lr12.test.base.TestBase tearDown
INFO: ========== КОНЕЦ ТЕСТА (Поток: 54) ==========
февр. 01, 2026 7:51:54 PM com.lr12.test.config.ThreadSafeDriver removeDriver
INFO: WebDriver закрыт для потока: 54
февр. 01, 2026 7:51:54 PM com.lr12.test.base.TestBase setUp
INFO: ========== НАЧАЛО ТЕСТА (Поток: 54) ==========
февр. 01, 2026 7:51:54 PM com.lr12.test.config.DriverFactory createChromeDriver
INFO: Инициализация Chrome WebDriver...
февр. 01, 2026 7:51:54 PM com.lr12.test.config.DriverFactory createChromeDriver
INFO: Headless режим: ВКЛЮЧЕН
февр. 01, 2026 7:51:54 PM com.lr12.test.pages.CheckboxesPage navigateToPage
INFO: Перейдено на страницу Checkboxes
февр. 01, 2026 7:51:54 PM com.lr12.test.listeners.TestListener onTestStart
INFO: НАЧАЛО ТЕСТА: testUncheckSecondCheckbox
февр. 01, 2026 7:51:54 PM com.lr12.test.pages.CheckboxesPage getAllCheckboxes
INFO: Найдено чекбоксов: 2
февр. 01, 2026 7:51:54 PM com.lr12.test.pages.CheckboxesPage isCheckboxChecked
INFO: Чекбокс #1 отмечен: true
февр. 01, 2026 7:51:54 PM com.lr12.test.pages.CheckboxesPage getAllCheckboxes
INFO: Найдено чекбоксов: 2
февр. 01, 2026 7:51:54 PM com.lr12.test.pages.CheckboxesPage uncheckCheckbox
INFO: Чекбокс #1 снят
февр. 01, 2026 7:51:54 PM com.lr12.test.pages.CheckboxesPage getAllCheckboxes
INFO: Найдено чекбоксов: 2
февр. 01, 2026 7:51:54 PM com.lr12.test.pages.CheckboxesPage isCheckboxChecked
INFO: Чекбокс #1 отмечен: false
февр. 01, 2026 7:51:54 PM com.lr12.test.listeners.TestListener onTestSuccess
INFO: УСПЕХ: testUncheckSecondCheckbox (Время: 263ms)
]]></system-err>
  </testcase>
  <testcase name="testClearInput" classname="com.lr12.test.tests.InputsTest" time="0.335">
    <system-err><![CDATA[февр. 01, 2026 7:51:44 PM com.lr12.test.base.TestBase tearDown
INFO: ========== КОНЕЦ ТЕСТА (Поток: 53) ==========
февр. 01, 2026 7:51:44 PM com.lr12.test.config.ThreadSafeDriver removeDriver
INFO: WebDriver закрыт для потока: 52
февр. 01, 2026 7:51:44 PM com.lr12.test.base.TestBase setUp
INFO: ========== НАЧАЛО ТЕСТА (Поток: 52) ==========
февр. 01, 2026 7:51:44 PM com.lr12.test.config.DriverFactory createChromeDriver
INFO: Инициализация Chrome WebDriver...
февр. 01, 2026 7:51:44 PM com.lr12.test.config.DriverFactory createChromeDriver
INFO: Headless режим: ВКЛЮЧЕН
февр. 01, 2026 7:51:44 PM com.lr12.test.config.ThreadSafeDriver removeDriver
INFO: WebDriver закрыт для потока: 53
февр. 01, 2026 7:51:44 PM com.lr12.test.base.TestBase setUp
INFO: ========== НАЧАЛО ТЕСТА (Поток: 53) ==========
февр. 01, 2026 7:51:44 PM com.lr12.test.config.DriverFactory createChromeDriver
INFO: Инициализация Chrome WebDriver...
февр. 01, 2026 7:51:44 PM com.lr12.test.config.DriverFactory createChromeDriver
INFO: Headless режим: ВКЛЮЧЕН
февр. 01, 2026 7:51:44 PM com.lr12.test.pages.InputsPage clearInput
INFO: Input очищен
февр. 01, 2026 7:51:44 PM com.lr12.test.pages.InputsPage getInputField
INFO: Ищу input field
февр. 01, 2026 7:51:44 PM com.lr12.test.utils.ElementFinder findInputByType
INFO: Ищу input type='number'
февр. 01, 2026 7:51:44 PM com.lr12.test.utils.ElementFinder findInputByType
INFO: Найден input
февр. 01, 2026 7:51:44 PM com.lr12.test.utils.ElementFinder logElementInfo
INFO:   ├─ Tag: input
февр. 01, 2026 7:51:44 PM com.lr12.test.utils.ElementFinder logElementInfo
INFO:   ├─ Type: 'number'
февр. 01, 2026 7:51:44 PM com.lr12.test.pages.InputsPage getInputValue
INFO: Текущее значение: ''
февр. 01, 2026 7:51:44 PM com.lr12.test.listeners.TestListener onTestSuccess
INFO: УСПЕХ: testClearInput (Время: 1089ms)
]]></system-err>
  </testcase>
  <testcase name="testInputAlphanumeric" classname="com.lr12.test.tests.InputsTest" time="0.592">
    <system-err><![CDATA[февр. 01, 2026 7:51:50 PM com.lr12.test.base.TestBase tearDown
INFO: ========== КОНЕЦ ТЕСТА (Поток: 53) ==========
февр. 01, 2026 7:51:50 PM com.lr12.test.pages.InputsPage enterNumber
INFO: Число введено
февр. 01, 2026 7:51:50 PM com.lr12.test.pages.InputsPage getInputField
INFO: Ищу input field
февр. 01, 2026 7:51:50 PM com.lr12.test.utils.ElementFinder findInputByType
INFO: Ищу input type='number'
февр. 01, 2026 7:51:50 PM com.lr12.test.utils.ElementFinder findInputByType
INFO: Найден input
февр. 01, 2026 7:51:50 PM com.lr12.test.config.ThreadSafeDriver removeDriver
INFO: WebDriver закрыт для потока: 53
февр. 01, 2026 7:51:50 PM com.lr12.test.base.TestBase setUp
INFO: ========== НАЧАЛО ТЕСТА (Поток: 53) ==========
февр. 01, 2026 7:51:50 PM com.lr12.test.config.DriverFactory createChromeDriver
INFO: Инициализация Chrome WebDriver...
февр. 01, 2026 7:51:50 PM com.lr12.test.config.DriverFactory createChromeDriver
INFO: Headless режим: ВКЛЮЧЕН
февр. 01, 2026 7:51:50 PM com.lr12.test.utils.ElementFinder logElementInfo
INFO:   ├─ Tag: input
февр. 01, 2026 7:51:50 PM com.lr12.test.utils.ElementFinder logElementInfo
INFO:   ├─ Type: 'number'
февр. 01, 2026 7:51:50 PM com.lr12.test.pages.InputsPage getInputValue
INFO: Текущее значение: '123'
февр. 01, 2026 7:51:50 PM com.lr12.test.listeners.TestListener onTestSuccess
INFO: УСПЕХ: testInputAlphanumeric (Время: 1907ms)
]]></system-err>
  </testcase>
  <testcase name="testInputNumericValues" classname="com.lr12.test.tests.InputsTest" time="0.508">
    <system-err><![CDATA[февр. 01, 2026 7:51:53 PM com.lr12.test.base.TestBase tearDown
INFO: ========== КОНЕЦ ТЕСТА (Поток: 53) ==========
февр. 01, 2026 7:51:53 PM com.lr12.test.config.ThreadSafeDriver removeDriver
INFO: WebDriver закрыт для потока: 53
февр. 01, 2026 7:51:53 PM com.lr12.test.base.TestBase setUp
INFO: ========== НАЧАЛО ТЕСТА (Поток: 53) ==========
февр. 01, 2026 7:51:53 PM com.lr12.test.config.DriverFactory createChromeDriver
INFO: Инициализация Chrome WebDriver...
февр. 01, 2026 7:51:53 PM com.lr12.test.config.DriverFactory createChromeDriver
INFO: Headless режим: ВКЛЮЧЕН
февр. 01, 2026 7:51:53 PM org.openqa.selenium.devtools.CdpVersionFinder findNearestMatch
WARNING: Unable to find CDP implementation matching 144
февр. 01, 2026 7:51:53 PM org.openqa.selenium.chromium.ChromiumDriver lambda$new$5
WARNING: Unable to find version of CDP to use for 144.0.7559.110. You may need to include a dependency on a specific version of the CDP using something similar to `org.seleniumhq.selenium:selenium-devtools-v86:4.15.0` where the version ("v86") matches the version of the chromium-based browser you're using and the version number of the artifact is the same as Selenium's.
февр. 01, 2026 7:51:53 PM com.lr12.test.config.ThreadSafeDriver setDriver
INFO: WebDriver инициализирован для потока: 53
февр. 01, 2026 7:51:53 PM com.lr12.test.base.TestBase setUp
INFO: WebDriver инициализирован (Поток: 53)
февр. 01, 2026 7:51:53 PM com.lr12.test.pages.BasePage navigateTo
INFO: Переход на URL: http://the-internet.herokuapp.com/dropdown
февр. 01, 2026 7:51:53 PM com.lr12.test.utils.ElementFinder findAllInputs
INFO: 🔍 Ищу ВСЕ inputs...
февр. 01, 2026 7:51:53 PM com.lr12.test.utils.ElementFinder findAllInputs
INFO: Найдено inputs: 1
февр. 01, 2026 7:51:53 PM com.lr12.test.utils.ElementFinder findAllInputs
INFO:   [0] Type: 'number', Name: '', ID: ''
февр. 01, 2026 7:51:53 PM com.lr12.test.listeners.TestListener onTestStart
INFO: НАЧАЛО ТЕСТА: testInputNumericValues
февр. 01, 2026 7:51:53 PM com.lr12.test.pages.InputsPage enterNumber
INFO: Ввожу число: 12345
февр. 01, 2026 7:51:53 PM com.lr12.test.pages.InputsPage getInputField
INFO: Ищу input field
февр. 01, 2026 7:51:53 PM com.lr12.test.utils.ElementFinder findInputByType
INFO: Ищу input type='number'
февр. 01, 2026 7:51:53 PM com.lr12.test.utils.ElementFinder findInputByType
INFO: Найден input
февр. 01, 2026 7:51:54 PM com.lr12.test.utils.ElementFinder logElementInfo
INFO:   ├─ Tag: input
февр. 01, 2026 7:51:54 PM com.lr12.test.utils.ElementFinder logElementInfo
INFO:   ├─ Type: 'number'
февр. 01, 2026 7:51:54 PM com.lr12.test.pages.InputsPage enterNumber
INFO: Число введено
февр. 01, 2026 7:51:54 PM com.lr12.test.pages.InputsPage getInputField
INFO: Ищу input field
февр. 01, 2026 7:51:54 PM com.lr12.test.utils.ElementFinder findInputByType
INFO: Ищу input type='number'
февр. 01, 2026 7:51:54 PM com.lr12.test.utils.ElementFinder findInputByType
INFO: Найден input
февр. 01, 2026 7:51:54 PM com.lr12.test.utils.ElementFinder logElementInfo
INFO:   ├─ Tag: input
февр. 01, 2026 7:51:54 PM com.lr12.test.utils.ElementFinder logElementInfo
INFO:   ├─ Type: 'number'
февр. 01, 2026 7:51:54 PM com.lr12.test.pages.InputsPage getInputValue
INFO: Текущее значение: '12345'
февр. 01, 2026 7:51:54 PM com.lr12.test.listeners.TestListener onTestSuccess
INFO: УСПЕХ: testInputNumericValues (Время: 508ms)
]]></system-err>
  </testcase>
  <testcase name="testInputSpecialCharacters" classname="com.lr12.test.tests.InputsTest" time="1.199">
    <system-err><![CDATA[февр. 01, 2026 7:51:58 PM com.lr12.test.base.TestBase tearDown
INFO: ========== КОНЕЦ ТЕСТА (Поток: 52) ==========
февр. 01, 2026 7:51:58 PM com.lr12.test.config.ThreadSafeDriver removeDriver
INFO: WebDriver закрыт для потока: 52
февр. 01, 2026 7:51:58 PM com.lr12.test.base.TestBase setUp
INFO: ========== НАЧАЛО ТЕСТА (Поток: 52) ==========
февр. 01, 2026 7:51:58 PM com.lr12.test.config.DriverFactory createChromeDriver
INFO: Инициализация Chrome WebDriver...
февр. 01, 2026 7:51:58 PM com.lr12.test.config.DriverFactory createChromeDriver
INFO: Headless режим: ВКЛЮЧЕН
февр. 01, 2026 7:51:59 PM com.lr12.test.utils.ElementFinder findAllInputs
INFO: 🔍 Ищу ВСЕ inputs...
февр. 01, 2026 7:51:59 PM org.openqa.selenium.devtools.CdpVersionFinder findNearestMatch
WARNING: Unable to find CDP implementation matching 144
февр. 01, 2026 7:51:59 PM org.openqa.selenium.chromium.ChromiumDriver lambda$new$5
WARNING: Unable to find version of CDP to use for 144.0.7559.110. You may need to include a dependency on a specific version of the CDP using something similar to `org.seleniumhq.selenium:selenium-devtools-v86:4.15.0` where the version ("v86") matches the version of the chromium-based browser you're using and the version number of the artifact is the same as Selenium's.
февр. 01, 2026 7:51:59 PM com.lr12.test.config.ThreadSafeDriver setDriver
INFO: WebDriver инициализирован для потока: 53
февр. 01, 2026 7:51:59 PM com.lr12.test.utils.ElementFinder findAllInputs
INFO: Найдено inputs: 1
февр. 01, 2026 7:51:59 PM com.lr12.test.base.TestBase setUp
INFO: WebDriver инициализирован (Поток: 53)
февр. 01, 2026 7:51:59 PM com.lr12.test.pages.BasePage navigateTo
INFO: Переход на URL: http://the-internet.herokuapp.com/tables
февр. 01, 2026 7:51:59 PM com.lr12.test.utils.ElementFinder findAllInputs
INFO:   [0] Type: 'number', Name: '', ID: ''
февр. 01, 2026 7:51:59 PM com.lr12.test.pages.InputsPage enterNumber
INFO: Ввожу число: 456
февр. 01, 2026 7:51:59 PM com.lr12.test.pages.InputsPage getInputField
INFO: Ищу input field
февр. 01, 2026 7:51:59 PM com.lr12.test.utils.ElementFinder findInputByType
INFO: Ищу input type='number'
февр. 01, 2026 7:51:59 PM com.lr12.test.utils.ElementFinder findInputByType
INFO: Найден input
февр. 01, 2026 7:51:59 PM com.lr12.test.utils.ElementFinder logElementInfo
INFO:   ├─ Tag: input
февр. 01, 2026 7:51:59 PM com.lr12.test.utils.ElementFinder logElementInfo
INFO:   ├─ Type: 'number'
февр. 01, 2026 7:51:59 PM org.openqa.selenium.devtools.CdpVersionFinder findNearestMatch
WARNING: Unable to find CDP implementation matching 144
февр. 01, 2026 7:51:59 PM org.openqa.selenium.chromium.ChromiumDriver lambda$new$5
WARNING: Unable to find version of CDP to use for 144.0.7559.110. You may need to include a dependency on a specific version of the CDP using something similar to `org.seleniumhq.selenium:selenium-devtools-v86:4.15.0` where the version ("v86") matches the version of the chromium-based browser you're using and the version number of the artifact is the same as Selenium's.
февр. 01, 2026 7:51:59 PM com.lr12.test.config.ThreadSafeDriver setDriver
INFO: WebDriver инициализирован для потока: 52
февр. 01, 2026 7:51:59 PM com.lr12.test.base.TestBase setUp
INFO: WebDriver инициализирован (Поток: 52)
февр. 01, 2026 7:51:59 PM com.lr12.test.pages.BasePage navigateTo
INFO: Переход на URL: http://the-internet.herokuapp.com/typos
февр. 01, 2026 7:51:59 PM com.lr12.test.pages.InputsPage enterNumber
INFO: Число введено
февр. 01, 2026 7:51:59 PM com.lr12.test.pages.InputsPage getInputField
INFO: Ищу input field
февр. 01, 2026 7:51:59 PM com.lr12.test.utils.ElementFinder findInputByType
INFO: Ищу input type='number'
февр. 01, 2026 7:51:59 PM com.lr12.test.utils.ElementFinder findInputByType
INFO: Найден input
февр. 01, 2026 7:51:59 PM com.lr12.test.utils.ElementFinder logElementInfo
INFO:   ├─ Tag: input
февр. 01, 2026 7:51:59 PM com.lr12.test.utils.ElementFinder logElementInfo
INFO:   ├─ Type: 'number'
февр. 01, 2026 7:51:59 PM com.lr12.test.pages.InputsPage getInputValue
INFO: Текущее значение: '456'
февр. 01, 2026 7:51:59 PM com.lr12.test.listeners.TestListener onTestSuccess
INFO: УСПЕХ: testInputSpecialCharacters (Время: 1809ms)
]]></system-err>
  </testcase>
  <testcase name="testInputWithArrowDown" classname="com.lr12.test.tests.InputsTest" time="1.595">
    <system-err><![CDATA[февр. 01, 2026 7:52:03 PM com.lr12.test.base.TestBase tearDown
INFO: ========== КОНЕЦ ТЕСТА (Поток: 51) ==========
февр. 01, 2026 7:52:04 PM org.openqa.selenium.devtools.CdpVersionFinder findNearestMatch
WARNING: Unable to find CDP implementation matching 144
февр. 01, 2026 7:52:04 PM org.openqa.selenium.chromium.ChromiumDriver lambda$new$5
WARNING: Unable to find version of CDP to use for 144.0.7559.110. You may need to include a dependency on a specific version of the CDP using something similar to `org.seleniumhq.selenium:selenium-devtools-v86:4.15.0` where the version ("v86") matches the version of the chromium-based browser you're using and the version number of the artifact is the same as Selenium's.
февр. 01, 2026 7:52:04 PM com.lr12.test.config.ThreadSafeDriver setDriver
INFO: WebDriver инициализирован для потока: 53
февр. 01, 2026 7:52:04 PM com.lr12.test.base.TestBase setUp
INFO: WebDriver инициализирован (Поток: 53)
февр. 01, 2026 7:52:04 PM com.lr12.test.pages.BasePage navigateTo
INFO: Переход на URL: http://the-internet.herokuapp.com/tables
февр. 01, 2026 7:52:04 PM com.lr12.test.config.ThreadSafeDriver removeDriver
INFO: WebDriver закрыт для потока: 51
февр. 01, 2026 7:52:04 PM com.lr12.test.base.TestBase setUp
INFO: ========== НАЧАЛО ТЕСТА (Поток: 51) ==========
февр. 01, 2026 7:52:04 PM com.lr12.test.config.DriverFactory createChromeDriver
INFO: Инициализация Chrome WebDriver...
февр. 01, 2026 7:52:04 PM com.lr12.test.config.DriverFactory createChromeDriver
INFO: Headless режим: ВКЛЮЧЕН
февр. 01, 2026 7:52:04 PM org.openqa.selenium.devtools.CdpVersionFinder findNearestMatch
WARNING: Unable to find CDP implementation matching 144
февр. 01, 2026 7:52:04 PM org.openqa.selenium.chromium.ChromiumDriver lambda$new$5
WARNING: Unable to find version of CDP to use for 144.0.7559.110. You may need to include a dependency on a specific version of the CDP using something similar to `org.seleniumhq.selenium:selenium-devtools-v86:4.15.0` where the version ("v86") matches the version of the chromium-based browser you're using and the version number of the artifact is the same as Selenium's.
февр. 01, 2026 7:52:04 PM com.lr12.test.config.ThreadSafeDriver setDriver
INFO: WebDriver инициализирован для потока: 52
февр. 01, 2026 7:52:04 PM com.lr12.test.base.TestBase setUp
INFO: WebDriver инициализирован (Поток: 52)
февр. 01, 2026 7:52:04 PM com.lr12.test.pages.BasePage navigateTo
INFO: Переход на URL: http://the-internet.herokuapp.com/typos
февр. 01, 2026 7:52:04 PM com.lr12.test.pages.InputsPage enterNumber
INFO: Число введено
февр. 01, 2026 7:52:04 PM com.lr12.test.pages.InputsPage getInputField
INFO: Ищу input field
февр. 01, 2026 7:52:04 PM com.lr12.test.utils.ElementFinder findInputByType
INFO: Ищу input type='number'
февр. 01, 2026 7:52:04 PM com.lr12.test.utils.ElementFinder findInputByType
INFO: Найден input
февр. 01, 2026 7:52:04 PM com.lr12.test.utils.ElementFinder logElementInfo
INFO:   ├─ Tag: input
февр. 01, 2026 7:52:04 PM com.lr12.test.utils.ElementFinder logElementInfo
INFO:   ├─ Type: 'number'
февр. 01, 2026 7:52:04 PM com.lr12.test.pages.InputsPage sendArrowDown
INFO: Стрелка вниз отправлена
февр. 01, 2026 7:52:04 PM com.lr12.test.pages.InputsPage enterNumberAndArrowDown
INFO: Число 10 введено и стрелка вниз отправлена
февр. 01, 2026 7:52:04 PM com.lr12.test.pages.InputsPage getInputField
INFO: Ищу input field
февр. 01, 2026 7:52:04 PM com.lr12.test.utils.ElementFinder findInputByType
INFO: Ищу input type='number'
февр. 01, 2026 7:52:04 PM com.lr12.test.utils.ElementFinder findInputByType
INFO: Найден input
февр. 01, 2026 7:52:04 PM com.lr12.test.utils.ElementFinder logElementInfo
INFO:   ├─ Tag: input
февр. 01, 2026 7:52:04 PM com.lr12.test.utils.ElementFinder logElementInfo
INFO:   ├─ Type: 'number'
февр. 01, 2026 7:52:04 PM com.lr12.test.pages.InputsPage getInputValue
INFO: Текущее значение: '9'
февр. 01, 2026 7:52:04 PM com.lr12.test.listeners.TestListener onTestSuccess
INFO: УСПЕХ: testInputWithArrowDown (Время: 1670ms)
]]></system-err>
  </testcase>
  <testcase name="testInputWithArrowUp" classname="com.lr12.test.tests.InputsTest" time="1.556">
    <system-err><![CDATA[февр. 01, 2026 7:52:09 PM com.lr12.test.base.TestBase tearDown
INFO: ========== КОНЕЦ ТЕСТА (Поток: 51) ==========
февр. 01, 2026 7:52:09 PM com.lr12.test.pages.InputsPage enterNumber
INFO: Число введено
февр. 01, 2026 7:52:09 PM com.lr12.test.pages.InputsPage getInputField
INFO: Ищу input field
февр. 01, 2026 7:52:09 PM com.lr12.test.utils.ElementFinder findInputByType
INFO: Ищу input type='number'
февр. 01, 2026 7:52:09 PM com.lr12.test.utils.ElementFinder findInputByType
INFO: Найден input
февр. 01, 2026 7:52:09 PM com.lr12.test.config.ThreadSafeDriver removeDriver
INFO: WebDriver закрыт для потока: 51
февр. 01, 2026 7:52:09 PM com.lr12.test.base.TestBase setUp
INFO: ========== НАЧАЛО ТЕСТА (Поток: 51) ==========
февр. 01, 2026 7:52:09 PM com.lr12.test.config.DriverFactory createChromeDriver
INFO: Инициализация Chrome WebDriver...
февр. 01, 2026 7:52:09 PM com.lr12.test.config.DriverFactory createChromeDriver
INFO: Headless режим: ВКЛЮЧЕН
февр. 01, 2026 7:52:09 PM com.lr12.test.utils.ElementFinder logElementInfo
INFO:   ├─ Tag: input
февр. 01, 2026 7:52:09 PM com.lr12.test.utils.ElementFinder logElementInfo
INFO:   ├─ Type: 'number'
февр. 01, 2026 7:52:09 PM com.lr12.test.pages.TyposPage navigateToPage
INFO: Перейдено на страницу Typos
февр. 01, 2026 7:52:09 PM com.lr12.test.pages.InputsPage sendArrowUp
INFO: Стрелка вверх отправлена
февр. 01, 2026 7:52:09 PM com.lr12.test.pages.InputsPage enterNumberAndArrowUp
INFO: Число 5 введено и стрелка вверх отправлена
февр. 01, 2026 7:52:09 PM com.lr12.test.pages.InputsPage getInputField
INFO: Ищу input field
февр. 01, 2026 7:52:09 PM com.lr12.test.utils.ElementFinder findInputByType
INFO: Ищу input type='number'
февр. 01, 2026 7:52:09 PM com.lr12.test.utils.ElementFinder findInputByType
INFO: Найден input
февр. 01, 2026 7:52:09 PM com.lr12.test.utils.ElementFinder logElementInfo
INFO:   ├─ Tag: input
февр. 01, 2026 7:52:09 PM com.lr12.test.utils.ElementFinder logElementInfo
INFO:   ├─ Type: 'number'
февр. 01, 2026 7:52:09 PM com.lr12.test.pages.InputsPage getInputValue
INFO: Текущее значение: '6'
февр. 01, 2026 7:52:09 PM com.lr12.test.listeners.TestListener onTestSuccess
INFO: УСПЕХ: testInputWithArrowUp (Время: 1559ms)
]]></system-err>
  </testcase>
  <testcase name="testMultipleArrowDown" classname="com.lr12.test.tests.InputsTest" time="0.352">
    <system-err><![CDATA[февр. 01, 2026 7:52:10 PM com.lr12.test.base.TestBase tearDown
INFO: ========== КОНЕЦ ТЕСТА (Поток: 52) ==========
февр. 01, 2026 7:52:10 PM com.lr12.test.config.ThreadSafeDriver removeDriver
INFO: WebDriver закрыт для потока: 52
февр. 01, 2026 7:52:10 PM com.lr12.test.base.TestBase setUp
INFO: ========== НАЧАЛО ТЕСТА (Поток: 52) ==========
февр. 01, 2026 7:52:10 PM com.lr12.test.config.DriverFactory createChromeDriver
INFO: Инициализация Chrome WebDriver...
февр. 01, 2026 7:52:10 PM com.lr12.test.config.DriverFactory createChromeDriver
INFO: Headless режим: ВКЛЮЧЕН
февр. 01, 2026 7:52:10 PM org.openqa.selenium.devtools.CdpVersionFinder findNearestMatch
WARNING: Unable to find CDP implementation matching 144
февр. 01, 2026 7:52:10 PM org.openqa.selenium.chromium.ChromiumDriver lambda$new$5
WARNING: Unable to find version of CDP to use for 144.0.7559.110. You may need to include a dependency on a specific version of the CDP using something similar to `org.seleniumhq.selenium:selenium-devtools-v86:4.15.0` where the version ("v86") matches the version of the chromium-based browser you're using and the version number of the artifact is the same as Selenium's.
февр. 01, 2026 7:52:10 PM com.lr12.test.config.ThreadSafeDriver setDriver
INFO: WebDriver инициализирован для потока: 54
февр. 01, 2026 7:52:10 PM com.lr12.test.base.TestBase setUp
INFO: WebDriver инициализирован (Поток: 54)
февр. 01, 2026 7:52:10 PM com.lr12.test.pages.BasePage navigateTo
INFO: Переход на URL: http://the-internet.herokuapp.com/inputs
февр. 01, 2026 7:52:10 PM com.lr12.test.pages.SortableDataTablesPage navigateToPage
INFO: Перейдено на страницу Sortable Data Tables
февр. 01, 2026 7:52:10 PM com.lr12.test.listeners.TestListener onTestStart
INFO: НАЧАЛО ТЕСТА: testGetFullTableData
февр. 01, 2026 7:52:10 PM com.lr12.test.pages.BasePage navigateTo
INFO: Переход на URL: http://the-internet.herokuapp.com/tables
февр. 01, 2026 7:52:11 PM com.lr12.test.pages.SortableDataTablesPage navigateToPage
INFO: Перейдено на страницу Sortable Data Tables
февр. 01, 2026 7:52:11 PM com.lr12.test.pages.SortableDataTablesPage getTableRowCount
INFO: Количество строк в таблице: 5
февр. 01, 2026 7:52:11 PM com.lr12.test.pages.SortableDataTablesPage getTableRowCount
INFO: Количество строк в таблице: 5
февр. 01, 2026 7:52:11 PM com.lr12.test.pages.SortableDataTablesPage getRowValuesSafe
INFO: Данные строки 1: [Smith, John, jsmith@gmail.com, $50.00, http://www.jsmith.com, edit delete]
февр. 01, 2026 7:52:11 PM com.lr12.test.pages.SortableDataTablesPage getTableRowCount
INFO: Количество строк в таблице: 5
февр. 01, 2026 7:52:11 PM com.lr12.test.pages.SortableDataTablesPage getRowValuesSafe
INFO: Данные строки 2: [Bach, Frank, fbach@yahoo.com, $51.00, http://www.frank.com, edit delete]
февр. 01, 2026 7:52:11 PM com.lr12.test.pages.SortableDataTablesPage getTableRowCount
INFO: Количество строк в таблице: 5
февр. 01, 2026 7:52:11 PM com.lr12.test.pages.SortableDataTablesPage getRowValuesSafe
INFO: Данные строки 3: [Doe, Jason, jdoe@hotmail.com, $100.00, http://www.jdoe.com, edit delete]
февр. 01, 2026 7:52:11 PM com.lr12.test.pages.SortableDataTablesPage getTableRowCount
INFO: Количество строк в таблице: 5
февр. 01, 2026 7:52:11 PM org.openqa.selenium.devtools.CdpVersionFinder findNearestMatch
WARNING: Unable to find CDP implementation matching 144
февр. 01, 2026 7:52:11 PM org.openqa.selenium.chromium.ChromiumDriver lambda$new$5
WARNING: Unable to find version of CDP to use for 144.0.7559.110. You may need to include a dependency on a specific version of the CDP using something similar to `org.seleniumhq.selenium:selenium-devtools-v86:4.15.0` where the version ("v86") matches the version of the chromium-based browser you're using and the version number of the artifact is the same as Selenium's.
февр. 01, 2026 7:52:11 PM com.lr12.test.config.ThreadSafeDriver setDriver
INFO: WebDriver инициализирован для потока: 52
февр. 01, 2026 7:52:11 PM com.lr12.test.base.TestBase setUp
INFO: WebDriver инициализирован (Поток: 52)
февр. 01, 2026 7:52:11 PM com.lr12.test.pages.BasePage navigateTo
INFO: Переход на URL: http://the-internet.herokuapp.com/typos
февр. 01, 2026 7:52:11 PM com.lr12.test.pages.SortableDataTablesPage getRowValuesSafe
INFO: Данные строки 4: [Conway, Tim, tconway@earthlink.net, $50.00, http://www.timconway.com, edit delete]
февр. 01, 2026 7:52:11 PM com.lr12.test.pages.SortableDataTablesPage getTableRowCount
INFO: Количество строк в таблице: 5
февр. 01, 2026 7:52:11 PM com.lr12.test.pages.AddRemoveElementsPage navigateToPage
INFO: Перейдено на страницу Add/Remove Elements
февр. 01, 2026 7:52:11 PM com.lr12.test.utils.ElementFinder findAllButtons
INFO: Ищу ВСЕ кнопки...
февр. 01, 2026 7:52:11 PM com.lr12.test.utils.ElementFinder findAllButtons
INFO: Найдено кнопок: 1
февр. 01, 2026 7:52:11 PM com.lr12.test.utils.ElementFinder findAllButtons
INFO:   [0] Text: 'Add Element', Class: '', OnClick: 'addElement()'
февр. 01, 2026 7:52:11 PM com.lr12.test.listeners.TestListener onTestStart
INFO: НАЧАЛО ТЕСТА: testAddMultipleElements
февр. 01, 2026 7:52:11 PM com.lr12.test.pages.AddRemoveElementsPage getDeleteButtonsCount
INFO: Ищу DELETE кнопки
февр. 01, 2026 7:52:12 PM com.lr12.test.pages.InputsPage navigateToPage
INFO: Перейдено на страницу Inputs
февр. 01, 2026 7:52:13 PM com.lr12.test.pages.TyposPage navigateToPage
INFO: Перейдено на страницу Typos
февр. 01, 2026 7:52:13 PM com.lr12.test.utils.ElementFinder findAllInputs
INFO: 🔍 Ищу ВСЕ inputs...
февр. 01, 2026 7:52:13 PM com.lr12.test.utils.ElementFinder findAllInputs
INFO: Найдено inputs: 1
февр. 01, 2026 7:52:13 PM com.lr12.test.utils.ElementFinder findAllInputs
INFO:   [0] Type: 'number', Name: '', ID: ''
февр. 01, 2026 7:52:13 PM com.lr12.test.listeners.TestListener onTestStart
INFO: НАЧАЛО ТЕСТА: testMultipleArrowDown
февр. 01, 2026 7:52:13 PM com.lr12.test.pages.InputsPage enterNumber
INFO: Ввожу число: 15
февр. 01, 2026 7:52:13 PM com.lr12.test.pages.InputsPage getInputField
INFO: Ищу input field
февр. 01, 2026 7:52:13 PM com.lr12.test.utils.ElementFinder findInputByType
INFO: Ищу input type='number'
февр. 01, 2026 7:52:13 PM com.lr12.test.utils.ElementFinder findInputByType
INFO: Найден input
февр. 01, 2026 7:52:13 PM com.lr12.test.utils.ElementFinder logElementInfo
INFO:   ├─ Tag: input
февр. 01, 2026 7:52:13 PM com.lr12.test.utils.ElementFinder logElementInfo
INFO:   ├─ Type: 'number'
февр. 01, 2026 7:52:13 PM com.lr12.test.pages.InputsPage enterNumber
INFO: Число введено
февр. 01, 2026 7:52:13 PM com.lr12.test.pages.InputsPage getInputField
INFO: Ищу input field
февр. 01, 2026 7:52:13 PM com.lr12.test.utils.ElementFinder findInputByType
INFO: Ищу input type='number'
февр. 01, 2026 7:52:13 PM com.lr12.test.utils.ElementFinder findInputByType
INFO: Найден input
февр. 01, 2026 7:52:13 PM com.lr12.test.utils.ElementFinder logElementInfo
INFO:   ├─ Tag: input
февр. 01, 2026 7:52:13 PM com.lr12.test.utils.ElementFinder logElementInfo
INFO:   ├─ Type: 'number'
февр. 01, 2026 7:52:13 PM com.lr12.test.pages.InputsPage getInputValue
INFO: Текущее значение: '15'
февр. 01, 2026 7:52:13 PM com.lr12.test.pages.InputsPage getInputField
INFO: Ищу input field
февр. 01, 2026 7:52:13 PM com.lr12.test.utils.ElementFinder findInputByType
INFO: Ищу input type='number'
февр. 01, 2026 7:52:13 PM com.lr12.test.utils.ElementFinder findInputByType
INFO: Найден input
февр. 01, 2026 7:52:13 PM com.lr12.test.utils.ElementFinder logElementInfo
INFO:   ├─ Tag: input
февр. 01, 2026 7:52:13 PM com.lr12.test.utils.ElementFinder logElementInfo
INFO:   ├─ Type: 'number'
февр. 01, 2026 7:52:14 PM com.lr12.test.listeners.TestListener onTestStart
INFO: НАЧАЛО ТЕСТА: testTypoDetection
февр. 01, 2026 7:52:14 PM com.lr12.test.pages.BasePage navigateTo
INFO: Переход на URL: http://the-internet.herokuapp.com/typos
февр. 01, 2026 7:52:14 PM com.lr12.test.pages.TyposPage navigateToPage
INFO: Перейдено на страницу Typos
февр. 01, 2026 7:52:14 PM com.lr12.test.pages.InputsPage sendMultipleArrowDown
INFO: 3 стрелок вниз отправлено
февр. 01, 2026 7:52:14 PM com.lr12.test.pages.InputsPage getInputField
INFO: Ищу input field
февр. 01, 2026 7:52:14 PM com.lr12.test.utils.ElementFinder findInputByType
INFO: Ищу input type='number'
февр. 01, 2026 7:52:14 PM com.lr12.test.utils.ElementFinder findInputByType
INFO: Найден input
февр. 01, 2026 7:52:14 PM com.lr12.test.utils.ElementFinder logElementInfo
INFO:   ├─ Tag: input
февр. 01, 2026 7:52:14 PM com.lr12.test.utils.ElementFinder logElementInfo
INFO:   ├─ Type: 'number'
февр. 01, 2026 7:52:14 PM com.lr12.test.pages.InputsPage getInputValue
INFO: Текущее значение: '12'
февр. 01, 2026 7:52:14 PM com.lr12.test.listeners.TestListener onTestSuccess
INFO: УСПЕХ: testMultipleArrowDown (Время: 968ms)
]]></system-err>
  </testcase>
  <testcase name="testMultipleArrowUp" classname="com.lr12.test.tests.InputsTest" time="0.131">
    <system-err><![CDATA[февр. 01, 2026 7:52:18 PM com.lr12.test.base.TestBase tearDown
INFO: ========== КОНЕЦ ТЕСТА (Поток: 52) ==========
февр. 01, 2026 7:52:18 PM com.lr12.test.pages.InputsPage sendMultipleArrowUp
INFO: 3 стрелок вверх отправлено
февр. 01, 2026 7:52:18 PM com.lr12.test.pages.InputsPage getInputField
INFO: Ищу input field
февр. 01, 2026 7:52:18 PM com.lr12.test.utils.ElementFinder findInputByType
INFO: Ищу input type='number'
февр. 01, 2026 7:52:18 PM com.lr12.test.utils.ElementFinder findInputByType
INFO: Найден input
февр. 01, 2026 7:52:18 PM com.lr12.test.config.ThreadSafeDriver removeDriver
INFO: WebDriver закрыт для потока: 52
февр. 01, 2026 7:52:18 PM com.lr12.test.utils.ElementFinder logElementInfo
INFO:   ├─ Tag: input
февр. 01, 2026 7:52:18 PM com.lr12.test.utils.ElementFinder logElementInfo
INFO:   ├─ Type: 'number'
февр. 01, 2026 7:52:18 PM com.lr12.test.base.TestBase setUp
INFO: ========== НАЧАЛО ТЕСТА (Поток: 52) ==========
февр. 01, 2026 7:52:18 PM com.lr12.test.config.DriverFactory createChromeDriver
INFO: Инициализация Chrome WebDriver...
февр. 01, 2026 7:52:18 PM com.lr12.test.pages.InputsPage getInputValue
INFO: Текущее значение: '8'
февр. 01, 2026 7:52:18 PM com.lr12.test.listeners.TestListener onTestSuccess
INFO: УСПЕХ: testMultipleArrowUp (Время: 953ms)
]]></system-err>
  </testcase>
  <testcase name="testCellContainsText" classname="com.lr12.test.tests.SortableDataTablesTest" time="0.056">
    <system-err><![CDATA[февр. 01, 2026 7:51:56 PM com.lr12.test.base.TestBase tearDown
INFO: ========== КОНЕЦ ТЕСТА (Поток: 53) ==========
февр. 01, 2026 7:51:56 PM com.lr12.test.config.ThreadSafeDriver removeDriver
INFO: WebDriver закрыт для потока: 53
февр. 01, 2026 7:51:56 PM com.lr12.test.base.TestBase setUp
INFO: ========== НАЧАЛО ТЕСТА (Поток: 53) ==========
февр. 01, 2026 7:51:56 PM com.lr12.test.config.DriverFactory createChromeDriver
INFO: Инициализация Chrome WebDriver...
февр. 01, 2026 7:51:56 PM com.lr12.test.config.DriverFactory createChromeDriver
INFO: Headless режим: ВКЛЮЧЕН
февр. 01, 2026 7:51:56 PM org.openqa.selenium.devtools.CdpVersionFinder findNearestMatch
WARNING: Unable to find CDP implementation matching 144
февр. 01, 2026 7:51:56 PM org.openqa.selenium.chromium.ChromiumDriver lambda$new$5
WARNING: Unable to find version of CDP to use for 144.0.7559.110. You may need to include a dependency on a specific version of the CDP using something similar to `org.seleniumhq.selenium:selenium-devtools-v86:4.15.0` where the version ("v86") matches the version of the chromium-based browser you're using and the version number of the artifact is the same as Selenium's.
февр. 01, 2026 7:51:56 PM com.lr12.test.config.ThreadSafeDriver setDriver
INFO: WebDriver инициализирован для потока: 53
февр. 01, 2026 7:51:56 PM com.lr12.test.base.TestBase setUp
INFO: WebDriver инициализирован (Поток: 53)
февр. 01, 2026 7:51:56 PM com.lr12.test.pages.BasePage navigateTo
INFO: Переход на URL: http://the-internet.herokuapp.com/tables
февр. 01, 2026 7:51:56 PM com.lr12.test.pages.InputsPage navigateToPage
INFO: Перейдено на страницу Inputs
февр. 01, 2026 7:51:57 PM com.lr12.test.pages.TyposPage navigateToPage
INFO: Перейдено на страницу Typos
февр. 01, 2026 7:51:57 PM com.lr12.test.utils.ElementFinder findAllInputs
INFO: 🔍 Ищу ВСЕ inputs...
февр. 01, 2026 7:51:57 PM com.lr12.test.utils.ElementFinder findAllInputs
INFO: Найдено inputs: 1
февр. 01, 2026 7:51:57 PM com.lr12.test.utils.ElementFinder findAllInputs
INFO:   [0] Type: 'number', Name: '', ID: ''
февр. 01, 2026 7:51:57 PM com.lr12.test.listeners.TestListener onTestStart
INFO: НАЧАЛО ТЕСТА: testInputSpecialCharacters
февр. 01, 2026 7:51:58 PM com.lr12.test.pages.BasePage navigateTo
INFO: Переход на URL: http://the-internet.herokuapp.com/inputs
февр. 01, 2026 7:51:58 PM com.lr12.test.pages.InputsPage navigateToPage
INFO: Перейдено на страницу Inputs
февр. 01, 2026 7:51:58 PM com.lr12.test.pages.SortableDataTablesPage navigateToPage
INFO: Перейдено на страницу Sortable Data Tables
февр. 01, 2026 7:51:58 PM com.lr12.test.listeners.TestListener onTestStart
INFO: НАЧАЛО ТЕСТА: testCellContainsText
февр. 01, 2026 7:51:58 PM com.lr12.test.pages.BasePage findVisibleElement
INFO: Видимый элемент найден: By.xpath: (//table)[1]//tr[2]//td[1]
февр. 01, 2026 7:51:58 PM com.lr12.test.pages.BasePage getText
INFO: Текст элемента получен: 'Bach'
февр. 01, 2026 7:51:58 PM com.lr12.test.pages.SortableDataTablesPage getCellValue
INFO: Ячейка [0][1][0]: Bach
февр. 01, 2026 7:51:58 PM com.lr12.test.pages.BasePage findVisibleElement
INFO: Видимый элемент найден: By.xpath: (//table)[1]//tr[2]//td[1]
февр. 01, 2026 7:51:58 PM com.lr12.test.pages.BasePage getText
INFO: Текст элемента получен: 'Bach'
февр. 01, 2026 7:51:58 PM com.lr12.test.pages.SortableDataTablesPage getCellValue
INFO: Ячейка [0][1][0]: Bach
февр. 01, 2026 7:51:58 PM com.lr12.test.pages.SortableDataTablesPage cellContainsText
INFO: Ячейка [0][1][0] содержит: 'Bach'
февр. 01, 2026 7:51:58 PM com.lr12.test.listeners.TestListener onTestSuccess
INFO: УСПЕХ: testCellContainsText (Время: 56ms)
]]></system-err>
  </testcase>
  <testcase name="testGetAllTables" classname="com.lr12.test.tests.SortableDataTablesTest" time="0.02">
    <system-err><![CDATA[февр. 01, 2026 7:51:59 PM com.lr12.test.base.TestBase tearDown
INFO: ========== КОНЕЦ ТЕСТА (Поток: 54) ==========
февр. 01, 2026 7:51:59 PM com.lr12.test.config.ThreadSafeDriver removeDriver
INFO: WebDriver закрыт для потока: 54
февр. 01, 2026 7:51:59 PM com.lr12.test.base.TestBase setUp
INFO: ========== НАЧАЛО ТЕСТА (Поток: 54) ==========
февр. 01, 2026 7:51:59 PM com.lr12.test.config.DriverFactory createChromeDriver
INFO: Инициализация Chrome WebDriver...
февр. 01, 2026 7:51:59 PM com.lr12.test.config.DriverFactory createChromeDriver
INFO: Headless режим: ВКЛЮЧЕН
февр. 01, 2026 7:52:00 PM org.openqa.selenium.devtools.CdpVersionFinder findNearestMatch
WARNING: Unable to find CDP implementation matching 144
февр. 01, 2026 7:52:00 PM org.openqa.selenium.chromium.ChromiumDriver lambda$new$5
WARNING: Unable to find version of CDP to use for 144.0.7559.110. You may need to include a dependency on a specific version of the CDP using something similar to `org.seleniumhq.selenium:selenium-devtools-v86:4.15.0` where the version ("v86") matches the version of the chromium-based browser you're using and the version number of the artifact is the same as Selenium's.
февр. 01, 2026 7:52:00 PM com.lr12.test.config.ThreadSafeDriver setDriver
INFO: WebDriver инициализирован для потока: 54
февр. 01, 2026 7:52:00 PM com.lr12.test.base.TestBase setUp
INFO: WebDriver инициализирован (Поток: 54)
февр. 01, 2026 7:52:00 PM com.lr12.test.pages.BasePage navigateTo
INFO: Переход на URL: http://the-internet.herokuapp.com/inputs
февр. 01, 2026 7:52:00 PM com.lr12.test.pages.SortableDataTablesPage navigateToPage
INFO: Перейдено на страницу Sortable Data Tables
февр. 01, 2026 7:52:00 PM com.lr12.test.listeners.TestListener onTestStart
INFO: НАЧАЛО ТЕСТА: testGetAllTables
февр. 01, 2026 7:52:00 PM com.lr12.test.pages.SortableDataTablesPage getAllTables
INFO: Найдено таблиц: 2
февр. 01, 2026 7:52:00 PM com.lr12.test.listeners.TestListener onTestSuccess
INFO: УСПЕХ: testGetAllTables (Время: 20ms)
]]></system-err>
  </testcase>
  <testcase name="testGetColumnCount" classname="com.lr12.test.tests.SortableDataTablesTest" time="0.026">
    <system-err><![CDATA[февр. 01, 2026 7:52:00 PM com.lr12.test.base.TestBase tearDown
INFO: ========== КОНЕЦ ТЕСТА (Поток: 53) ==========
февр. 01, 2026 7:52:00 PM com.lr12.test.config.ThreadSafeDriver removeDriver
INFO: WebDriver закрыт для потока: 53
февр. 01, 2026 7:52:00 PM com.lr12.test.base.TestBase setUp
INFO: ========== НАЧАЛО ТЕСТА (Поток: 53) ==========
февр. 01, 2026 7:52:00 PM com.lr12.test.config.DriverFactory createChromeDriver
INFO: Инициализация Chrome WebDriver...
февр. 01, 2026 7:52:00 PM com.lr12.test.config.DriverFactory createChromeDriver
INFO: Headless режим: ВКЛЮЧЕН
[...]
INFO: Нотификация кнопка нажата
февр. 01, 2026 7:52:53 PM com.lr12.test.pages.BasePage findVisibleElement
INFO: Видимый элемент найден: By.id: flash
февр. 01, 2026 7:52:53 PM com.lr12.test.pages.NotificationMessagesPage waitForNotificationToAppear
INFO: Нотификация появилась
февр. 01, 2026 7:52:53 PM com.lr12.test.pages.NotificationMessagesPage getNotificationText
INFO: Текст нотификации: 'Action successful
×'
февр. 01, 2026 7:52:53 PM com.lr12.test.listeners.TestListener onTestSuccess
INFO: УСПЕХ: testGetNotificationText (Время: 381ms)
]]></system-err>
  </testcase>
  <testcase name="testMultipleNotifications" classname="com.lr12.test.tests.NotificationMessagesTest" time="1.384">
    <system-err><![CDATA[февр. 01, 2026 7:52:58 PM com.lr12.test.base.TestBase tearDown
INFO: ========== КОНЕЦ ТЕСТА (Поток: 52) ==========
февр. 01, 2026 7:52:58 PM com.lr12.test.config.ThreadSafeDriver removeDriver
INFO: WebDriver закрыт для потока: 52
февр. 01, 2026 7:52:58 PM com.lr12.test.base.TestBase setUp
INFO: ========== НАЧАЛО ТЕСТА (Поток: 52) ==========
февр. 01, 2026 7:52:58 PM com.lr12.test.config.DriverFactory createChromeDriver
INFO: Инициализация Chrome WebDriver...
февр. 01, 2026 7:52:58 PM com.lr12.test.config.DriverFactory createChromeDriver
INFO: Headless режим: ВКЛЮЧЕН
февр. 01, 2026 7:52:58 PM com.lr12.test.pages.BasePage click
INFO: Клик выполнен: By.xpath: //a[@href='/notification_message']
февр. 01, 2026 7:52:58 PM com.lr12.test.pages.NotificationMessagesPage clickNotificationButton
INFO: Нотификация кнопка нажата
февр. 01, 2026 7:52:58 PM com.lr12.test.pages.BasePage findVisibleElement
INFO: Видимый элемент найден: By.id: flash
февр. 01, 2026 7:52:58 PM com.lr12.test.pages.NotificationMessagesPage waitForNotificationToAppear
INFO: Нотификация появилась
февр. 01, 2026 7:52:58 PM com.lr12.test.pages.NotificationMessagesPage getNotificationText
INFO: Текст нотификации: 'Action successful
×'
февр. 01, 2026 7:52:59 PM org.openqa.selenium.devtools.CdpVersionFinder findNearestMatch
WARNING: Unable to find CDP implementation matching 144
февр. 01, 2026 7:52:59 PM org.openqa.selenium.chromium.ChromiumDriver lambda$new$5
WARNING: Unable to find version of CDP to use for 144.0.7559.110. You may need to include a dependency on a specific version of the CDP using something similar to `org.seleniumhq.selenium:selenium-devtools-v86:4.15.0` where the version ("v86") matches the version of the chromium-based browser you're using and the version number of the artifact is the same as Selenium's.
февр. 01, 2026 7:52:59 PM com.lr12.test.config.ThreadSafeDriver setDriver
INFO: WebDriver инициализирован для потока: 52
февр. 01, 2026 7:52:59 PM com.lr12.test.base.TestBase setUp
INFO: WebDriver инициализирован (Поток: 52)
февр. 01, 2026 7:52:59 PM com.lr12.test.pages.BasePage navigateTo
INFO: Переход на URL: http://the-internet.herokuapp.com/hovers
февр. 01, 2026 7:52:59 PM com.lr12.test.listeners.TestListener onTestSuccess
INFO: УСПЕХ: testMultipleNotifications (Время: 2701ms)
]]></system-err>
  </testcase>
  <testcase name="testNotificationAppears" classname="com.lr12.test.tests.NotificationMessagesTest" time="0.302">
    <system-err><![CDATA[февр. 01, 2026 7:52:59 PM com.lr12.test.base.TestBase tearDown
INFO: ========== КОНЕЦ ТЕСТА (Поток: 54) ==========
февр. 01, 2026 7:52:59 PM com.lr12.test.config.ThreadSafeDriver removeDriver
INFO: WebDriver закрыт для потока: 54
февр. 01, 2026 7:52:59 PM com.lr12.test.base.TestBase setUp
INFO: ========== НАЧАЛО ТЕСТА (Поток: 54) ==========
февр. 01, 2026 7:52:59 PM com.lr12.test.config.DriverFactory createChromeDriver
INFO: Инициализация Chrome WebDriver...
февр. 01, 2026 7:52:59 PM com.lr12.test.config.DriverFactory createChromeDriver
INFO: Headless режим: ВКЛЮЧЕН
февр. 01, 2026 7:52:59 PM com.lr12.test.pages.AddRemoveElementsPage navigateToPage
INFO: Перейдено на страницу Add/Remove Elements
февр. 01, 2026 7:52:59 PM com.lr12.test.utils.ElementFinder findAllButtons
INFO: Ищу ВСЕ кнопки...
февр. 01, 2026 7:52:59 PM com.lr12.test.utils.ElementFinder findAllButtons
INFO: Найдено кнопок: 1
февр. 01, 2026 7:52:59 PM com.lr12.test.utils.ElementFinder findAllButtons
INFO:   [0] Text: 'Add Element', Class: '', OnClick: 'addElement()'
февр. 01, 2026 7:52:59 PM com.lr12.test.listeners.TestListener onTestStart
INFO: НАЧАЛО ТЕСТА: testDeleteAllElements
февр. 01, 2026 7:52:59 PM com.lr12.test.pages.AddRemoveElementsPage addElement
INFO: Попытка добавить элемент
февр. 01, 2026 7:52:59 PM org.openqa.selenium.devtools.CdpVersionFinder findNearestMatch
WARNING: Unable to find CDP implementation matching 144
февр. 01, 2026 7:52:59 PM org.openqa.selenium.chromium.ChromiumDriver lambda$new$5
WARNING: Unable to find version of CDP to use for 144.0.7559.110. You may need to include a dependency on a specific version of the CDP using something similar to `org.seleniumhq.selenium:selenium-devtools-v86:4.15.0` where the version ("v86") matches the version of the chromium-based browser you're using and the version number of the artifact is the same as Selenium's.
февр. 01, 2026 7:52:59 PM com.lr12.test.config.ThreadSafeDriver setDriver
INFO: WebDriver инициализирован для потока: 54
февр. 01, 2026 7:52:59 PM com.lr12.test.base.TestBase setUp
INFO: WebDriver инициализирован (Поток: 54)
февр. 01, 2026 7:52:59 PM com.lr12.test.pages.BasePage navigateTo
INFO: Переход на URL: http://the-internet.herokuapp.com/notification_message
февр. 01, 2026 7:53:00 PM com.lr12.test.pages.AddRemoveElementsPage addElement
INFO: Элемент добавлен (XPath)
февр. 01, 2026 7:53:00 PM com.lr12.test.pages.AddRemoveElementsPage addElement
INFO: Попытка добавить элемент
февр. 01, 2026 7:53:00 PM com.lr12.test.pages.AddRemoveElementsPage addElement
INFO: Элемент добавлен (XPath)
февр. 01, 2026 7:53:00 PM com.lr12.test.pages.AddRemoveElementsPage addElement
INFO: Попытка добавить элемент
февр. 01, 2026 7:53:00 PM com.lr12.test.pages.HoversPage navigateToPage
INFO: Перейдено на страницу Hovers
февр. 01, 2026 7:53:01 PM com.lr12.test.pages.AddRemoveElementsPage addElement
INFO: Элемент добавлен (XPath)
февр. 01, 2026 7:53:01 PM com.lr12.test.pages.AddRemoveElementsPage addElement
INFO: Попытка добавить элемент
февр. 01, 2026 7:53:01 PM com.lr12.test.pages.NotificationMessagesPage navigateToPage
INFO: Перейдено на страницу Notification Messages
февр. 01, 2026 7:53:01 PM com.lr12.test.listeners.TestListener onTestStart
INFO: НАЧАЛО ТЕСТА: testNotificationAppears
февр. 01, 2026 7:53:01 PM com.lr12.test.pages.BasePage navigateTo
INFO: Переход на URL: http://the-internet.herokuapp.com/notification_message
февр. 01, 2026 7:53:01 PM com.lr12.test.listeners.TestListener onTestStart
INFO: НАЧАЛО ТЕСТА: testHoverVerifyNameAndClick
февр. 01, 2026 7:53:01 PM com.lr12.test.pages.HoversPage getAllFigures
INFO: Найдено figure элементов: 3
февр. 01, 2026 7:53:01 PM com.lr12.test.pages.AddRemoveElementsPage addElement
INFO: Элемент добавлен (XPath)
февр. 01, 2026 7:53:01 PM com.lr12.test.pages.AddRemoveElementsPage addElement
INFO: Попытка добавить элемент
февр. 01, 2026 7:53:02 PM com.lr12.test.pages.NotificationMessagesPage navigateToPage
INFO: Перейдено на страницу Notification Messages
февр. 01, 2026 7:53:02 PM com.lr12.test.pages.NotificationMessagesPage doesNotificationExist
INFO: Нотификация существует на странице
февр. 01, 2026 7:53:02 PM com.lr12.test.listeners.TestListener onTestSuccess
INFO: УСПЕХ: testNotificationAppears (Время: 343ms)
]]></system-err>
  </testcase>
  <testcase name="testNotificationContainsText" classname="com.lr12.test.tests.NotificationMessagesTest" time="0.437">
    <system-err><![CDATA[февр. 01, 2026 7:53:04 PM com.lr12.test.base.TestBase tearDown
INFO: ========== КОНЕЦ ТЕСТА (Поток: 52) ==========
февр. 01, 2026 7:53:04 PM com.lr12.test.config.ThreadSafeDriver removeDriver
INFO: WebDriver закрыт для потока: 52
февр. 01, 2026 7:53:04 PM com.lr12.test.base.TestBase setUp
INFO: ========== НАЧАЛО ТЕСТА (Поток: 52) ==========
февр. 01, 2026 7:53:04 PM com.lr12.test.config.DriverFactory createChromeDriver
INFO: Инициализация Chrome WebDriver...
февр. 01, 2026 7:53:04 PM com.lr12.test.config.DriverFactory createChromeDriver
INFO: Headless режим: ВКЛЮЧЕН
февр. 01, 2026 7:53:04 PM com.lr12.test.pages.AddRemoveElementsPage deleteElement
INFO: Элемент #0 удалён
февр. 01, 2026 7:53:04 PM com.lr12.test.pages.AddRemoveElementsPage getDeleteButtonsCount
INFO: Ищу DELETE кнопки
февр. 01, 2026 7:53:04 PM com.lr12.test.pages.AddRemoveElementsPage getDeleteButtonsCount
INFO: Найдено DELETE кнопок (XPath): 3
февр. 01, 2026 7:53:04 PM com.lr12.test.pages.AddRemoveElementsPage deleteElement
INFO: Удаляю элемент #0
февр. 01, 2026 7:53:04 PM com.lr12.test.utils.ElementFinder findAllButtons
INFO: Ищу ВСЕ кнопки...
февр. 01, 2026 7:53:04 PM com.lr12.test.utils.ElementFinder findAllButtons
INFO: Найдено кнопок: 4
февр. 01, 2026 7:53:04 PM com.lr12.test.utils.ElementFinder findAllButtons
INFO:   [0] Text: 'Add Element', Class: '', OnClick: 'addElement()'
февр. 01, 2026 7:53:04 PM com.lr12.test.utils.ElementFinder findAllButtons
INFO:   [1] Text: 'Delete', Class: 'added-manually', OnClick: 'deleteElement()'
февр. 01, 2026 7:53:04 PM com.lr12.test.utils.ElementFinder findAllButtons
INFO:   [2] Text: 'Delete', Class: 'added-manually', OnClick: 'deleteElement()'
февр. 01, 2026 7:53:04 PM com.lr12.test.utils.ElementFinder findAllButtons
INFO:   [3] Text: 'Delete', Class: 'added-manually', OnClick: 'deleteElement()'
февр. 01, 2026 7:53:04 PM com.lr12.test.pages.NotificationMessagesPage navigateToPage
INFO: Перейдено на страницу Notification Messages
февр. 01, 2026 7:53:04 PM com.lr12.test.listeners.TestListener onTestStart
INFO: НАЧАЛО ТЕСТА: testNotificationContainsText
февр. 01, 2026 7:53:04 PM com.lr12.test.pages.BasePage findVisibleElement
INFO: Видимый элемент найден: By.xpath: //a[@href='/notification_message']
февр. 01, 2026 7:53:04 PM org.openqa.selenium.devtools.CdpVersionFinder findNearestMatch
WARNING: Unable to find CDP implementation matching 144
февр. 01, 2026 7:53:04 PM org.openqa.selenium.chromium.ChromiumDriver lambda$new$5
WARNING: Unable to find version of CDP to use for 144.0.7559.110. You may need to include a dependency on a specific version of the CDP using something similar to `org.seleniumhq.selenium:selenium-devtools-v86:4.15.0` where the version ("v86") matches the version of the chromium-based browser you're using and the version number of the artifact is the same as Selenium's.
февр. 01, 2026 7:53:04 PM com.lr12.test.config.ThreadSafeDriver setDriver
INFO: WebDriver инициализирован для потока: 52
февр. 01, 2026 7:53:04 PM com.lr12.test.base.TestBase setUp
INFO: WebDriver инициализирован (Поток: 52)
февр. 01, 2026 7:53:04 PM com.lr12.test.pages.BasePage navigateTo
INFO: Переход на URL: http://the-internet.herokuapp.com/hovers
февр. 01, 2026 7:53:05 PM com.lr12.test.pages.BasePage click
INFO: Клик выполнен: By.xpath: //a[@href='/notification_message']
февр. 01, 2026 7:53:05 PM com.lr12.test.pages.NotificationMessagesPage clickNotificationButton
INFO: Нотификация кнопка нажата
февр. 01, 2026 7:53:05 PM com.lr12.test.pages.AddRemoveElementsPage deleteElement
INFO: Элемент #0 удалён
февр. 01, 2026 7:53:05 PM com.lr12.test.pages.AddRemoveElementsPage getDeleteButtonsCount
INFO: Ищу DELETE кнопки
февр. 01, 2026 7:53:05 PM com.lr12.test.pages.AddRemoveElementsPage getDeleteButtonsCount
INFO: Найдено DELETE кнопок (XPath): 2
февр. 01, 2026 7:53:05 PM com.lr12.test.pages.AddRemoveElementsPage deleteElement
INFO: Удаляю элемент #0
февр. 01, 2026 7:53:05 PM com.lr12.test.utils.ElementFinder findAllButtons
INFO: Ищу ВСЕ кнопки...
февр. 01, 2026 7:53:05 PM com.lr12.test.pages.BasePage findVisibleElement
INFO: Видимый элемент найден: By.id: flash
февр. 01, 2026 7:53:05 PM com.lr12.test.pages.NotificationMessagesPage waitForNotificationToAppear
INFO: Нотификация появилась
февр. 01, 2026 7:53:05 PM com.lr12.test.utils.ElementFinder findAllButtons
INFO: Найдено кнопок: 3
февр. 01, 2026 7:53:05 PM com.lr12.test.pages.NotificationMessagesPage getNotificationText
INFO: Текст нотификации: 'Action unsuccesful, please try again
×'
февр. 01, 2026 7:53:05 PM com.lr12.test.listeners.TestListener onTestSuccess
INFO: УСПЕХ: testNotificationContainsText (Время: 434ms)
]]></system-err>
  </testcase>
  <testcase name="testNotificationDisappears" classname="com.lr12.test.tests.NotificationMessagesTest" time="11.897">
    <system-err><![CDATA[февр. 01, 2026 7:53:12 PM com.lr12.test.base.TestBase tearDown
INFO: ========== КОНЕЦ ТЕСТА (Поток: 52) ==========
февр. 01, 2026 7:53:12 PM com.lr12.test.config.ThreadSafeDriver removeDriver
INFO: WebDriver закрыт для потока: 52
февр. 01, 2026 7:53:23 PM com.lr12.test.pages.NotificationMessagesPage waitForNotificationToDisappear
SEVERE: Нотификация не исчезла
февр. 01, 2026 7:53:23 PM com.lr12.test.pages.NotificationMessagesPage getNotificationText
INFO: Текст нотификации: 'Action unsuccesful, please try again
×'
февр. 01, 2026 7:53:23 PM com.lr12.test.listeners.TestListener onTestSuccess
INFO: УСПЕХ: testNotificationDisappears (Время: 15559ms)
]]></system-err>
  </testcase>
  <testcase name="testNotificationTextVariations" classname="com.lr12.test.tests.NotificationMessagesTest" time="0.425">
    <system-err><![CDATA[февр. 01, 2026 7:53:23 PM com.lr12.test.base.TestBase tearDown
INFO: ========== КОНЕЦ ТЕСТА (Поток: 54) ==========
февр. 01, 2026 7:53:23 PM com.lr12.test.config.ThreadSafeDriver removeDriver
INFO: WebDriver закрыт для потока: 54
февр. 01, 2026 7:53:23 PM com.lr12.test.base.TestBase setUp
INFO: ========== НАЧАЛО ТЕСТА (Поток: 54) ==========
февр. 01, 2026 7:53:23 PM com.lr12.test.config.DriverFactory createChromeDriver
INFO: Инициализация Chrome WebDriver...
февр. 01, 2026 7:53:23 PM com.lr12.test.config.DriverFactory createChromeDriver
INFO: Headless режим: ВКЛЮЧЕН
февр. 01, 2026 7:53:24 PM org.openqa.selenium.devtools.CdpVersionFinder findNearestMatch
WARNING: Unable to find CDP implementation matching 144
февр. 01, 2026 7:53:24 PM org.openqa.selenium.chromium.ChromiumDriver lambda$new$5
WARNING: Unable to find version of CDP to use for 144.0.7559.110. You may need to include a dependency on a specific version of the CDP using something similar to `org.seleniumhq.selenium:selenium-devtools-v86:4.15.0` where the version ("v86") matches the version of the chromium-based browser you're using and the version number of the artifact is the same as Selenium's.
февр. 01, 2026 7:53:24 PM com.lr12.test.config.ThreadSafeDriver setDriver
INFO: WebDriver инициализирован для потока: 54
февр. 01, 2026 7:53:24 PM com.lr12.test.base.TestBase setUp
INFO: WebDriver инициализирован (Поток: 54)
февр. 01, 2026 7:53:24 PM com.lr12.test.pages.BasePage navigateTo
INFO: Переход на URL: http://the-internet.herokuapp.com/notification_message
февр. 01, 2026 7:53:26 PM com.lr12.test.pages.NotificationMessagesPage navigateToPage
INFO: Перейдено на страницу Notification Messages
февр. 01, 2026 7:53:26 PM com.lr12.test.listeners.TestListener onTestStart
INFO: НАЧАЛО ТЕСТА: testNotificationTextVariations
февр. 01, 2026 7:53:26 PM com.lr12.test.pages.BasePage findVisibleElement
INFO: Видимый элемент найден: By.xpath: //a[@href='/notification_message']
февр. 01, 2026 7:53:26 PM com.lr12.test.pages.BasePage click
INFO: Клик выполнен: By.xpath: //a[@href='/notification_message']
февр. 01, 2026 7:53:26 PM com.lr12.test.pages.NotificationMessagesPage clickNotificationButton
INFO: Нотификация кнопка нажата
февр. 01, 2026 7:53:26 PM com.lr12.test.pages.BasePage findVisibleElement
INFO: Видимый элемент найден: By.id: flash
февр. 01, 2026 7:53:26 PM com.lr12.test.pages.NotificationMessagesPage waitForNotificationToAppear
INFO: Нотификация появилась
февр. 01, 2026 7:53:26 PM com.lr12.test.pages.NotificationMessagesPage getNotificationText
INFO: Текст нотификации: 'Action unsuccesful, please try again
×'
февр. 01, 2026 7:53:26 PM com.lr12.test.pages.NotificationMessagesPage verifyNotificationTextAny
INFO: Текст нотификации совпадает одному из вариантов: 'Action'
февр. 01, 2026 7:53:26 PM com.lr12.test.listeners.TestListener onTestSuccess
INFO: УСПЕХ: testNotificationTextVariations (Время: 424ms)
]]></system-err>
  </testcase>
  <testcase name="testNotificationTextWithVariations" classname="com.lr12.test.tests.NotificationMessagesTest" time="0.42">
    <system-err><![CDATA[февр. 01, 2026 7:53:26 PM com.lr12.test.base.TestBase tearDown
INFO: ========== КОНЕЦ ТЕСТА (Поток: 54) ==========
февр. 01, 2026 7:53:26 PM com.lr12.test.config.ThreadSafeDriver removeDriver
INFO: WebDriver закрыт для потока: 54
февр. 01, 2026 7:53:26 PM com.lr12.test.base.TestBase setUp
INFO: ========== НАЧАЛО ТЕСТА (Поток: 54) ==========
февр. 01, 2026 7:53:26 PM com.lr12.test.config.DriverFactory createChromeDriver
INFO: Инициализация Chrome WebDriver...
февр. 01, 2026 7:53:26 PM com.lr12.test.config.DriverFactory createChromeDriver
INFO: Headless режим: ВКЛЮЧЕН
февр. 01, 2026 7:53:27 PM org.openqa.selenium.devtools.CdpVersionFinder findNearestMatch
WARNING: Unable to find CDP implementation matching 144
февр. 01, 2026 7:53:27 PM org.openqa.selenium.chromium.ChromiumDriver lambda$new$5
WARNING: Unable to find version of CDP to use for 144.0.7559.110. You may need to include a dependency on a specific version of the CDP using something similar to `org.seleniumhq.selenium:selenium-devtools-v86:4.15.0` where the version ("v86") matches the version of the chromium-based browser you're using and the version number of the artifact is the same as Selenium's.
февр. 01, 2026 7:53:27 PM com.lr12.test.config.ThreadSafeDriver setDriver
INFO: WebDriver инициализирован для потока: 54
февр. 01, 2026 7:53:27 PM com.lr12.test.base.TestBase setUp
INFO: WebDriver инициализирован (Поток: 54)
февр. 01, 2026 7:53:27 PM com.lr12.test.pages.BasePage navigateTo
INFO: Переход на URL: http://the-internet.herokuapp.com/notification_message
февр. 01, 2026 7:53:27 PM com.lr12.test.pages.AddRemoveElementsPage getDeleteButtonsCount
WARNING: XPath не сработал
февр. 01, 2026 7:53:27 PM com.lr12.test.utils.ElementFinder findAllButtons
INFO: Ищу ВСЕ кнопки...
февр. 01, 2026 7:53:27 PM com.lr12.test.utils.ElementFinder findAllButtons
INFO: Найдено кнопок: 1
февр. 01, 2026 7:53:27 PM com.lr12.test.utils.ElementFinder findAllButtons
INFO:   [0] Text: 'Add Element', Class: '', OnClick: 'addElement()'
февр. 01, 2026 7:53:27 PM com.lr12.test.pages.AddRemoveElementsPage getDeleteButtonsCount
INFO: Найдено DELETE кнопок: 0
февр. 01, 2026 7:53:27 PM com.lr12.test.pages.AddRemoveElementsPage deleteAllElements
INFO: Все элементы удалены
февр. 01, 2026 7:53:27 PM com.lr12.test.pages.AddRemoveElementsPage getDeleteButtonsCount
INFO: Ищу DELETE кнопки
февр. 01, 2026 7:53:29 PM com.lr12.test.pages.NotificationMessagesPage navigateToPage
INFO: Перейдено на страницу Notification Messages
февр. 01, 2026 7:53:29 PM com.lr12.test.listeners.TestListener onTestStart
INFO: НАЧАЛО ТЕСТА: testNotificationTextWithVariations
февр. 01, 2026 7:53:29 PM com.lr12.test.pages.BasePage findVisibleElement
INFO: Видимый элемент найден: By.xpath: //a[@href='/notification_message']
февр. 01, 2026 7:53:29 PM com.lr12.test.pages.BasePage click
INFO: Клик выполнен: By.xpath: //a[@href='/notification_message']
февр. 01, 2026 7:53:29 PM com.lr12.test.pages.NotificationMessagesPage clickNotificationButton
INFO: Нотификация кнопка нажата
февр. 01, 2026 7:53:29 PM com.lr12.test.pages.BasePage findVisibleElement
INFO: Видимый элемент найден: By.id: flash
февр. 01, 2026 7:53:29 PM com.lr12.test.pages.NotificationMessagesPage waitForNotificationToAppear
INFO: Нотификация появилась
февр. 01, 2026 7:53:29 PM com.lr12.test.pages.NotificationMessagesPage getNotificationText
INFO: Текст нотификации: 'Action successful
×'
февр. 01, 2026 7:53:29 PM com.lr12.test.listeners.TestListener onTestSuccess
INFO: УСПЕХ: testNotificationTextWithVariations (Время: 419ms)
]]></system-err>
  </testcase>
</testsuite>