<?xml version="1.0" encoding="UTF-8"?>
<!-- Generated by org.testng.reporters.JUnitReportReporter -->
<testsuite hostname="cukw" failures="0" tests="10" name="com.lr12.test.tests.NotificationMessagesTest" time="70.860" errors="0" timestamp="2026-02-01T19:53:52 MSK" skipped="0">
  <testcase classname="com.lr12.test.tests.NotificationMessagesTest" name="testComplexNotificationFlow" time="3.110"/>
  <testcase classname="com.lr12.test.tests.NotificationMessagesTest" name="testGetNotificationText" time="3.074"/>
  <testcase classname="com.lr12.test.tests.NotificationMessagesTest" name="testNotificationTextVariations" time="3.153"/>
  <testcase classname="com.lr12.test.tests.NotificationMessagesTest" name="testCloseNotification" time="24.165"/>
  <testcase classname="com.lr12.test.tests.NotificationMessagesTest" name="testNotificationAppears" time="3.050"/>
  <testcase classname="com.lr12.test.tests.NotificationMessagesTest" name="testNotificationTextWithVariations" time="3.143"/>
  <testcase classname="com.lr12.test.tests.NotificationMessagesTest" name="testMultipleNotifications" time="6.386"/>
  <testcase classname="com.lr12.test.tests.NotificationMessagesTest" name="testNotificationDisappears" time="18.116"/>
  <testcase classname="com.lr12.test.tests.NotificationMessagesTest" name="testNotificationContainsText" time="3.189"/>
  <testcase classname="com.lr12.test.tests.NotificationMessagesTest" name="testCompleteNotificationScenario" time="3.474"/>
</testsuite> <!-- com.lr12.test.tests.NotificationMessagesTest -->
