<?xml version="1.0" encoding="UTF-8"?>
<!-- Generated by org.testng.reporters.JUnitReportReporter -->
<testsuite hostname="cukw" failures="0" tests="12" name="com.lr12.test.tests.SortableDataTablesTest" time="51.701" errors="0" timestamp="2026-02-01T19:53:52 MSK" skipped="0">
  <testcase classname="com.lr12.test.tests.SortableDataTablesTest" name="testVerifyMultipleCells" time="2.472"/>
  <testcase classname="com.lr12.test.tests.SortableDataTablesTest" name="testGetFirstTableFirstCell" time="2.491"/>
  <testcase classname="com.lr12.test.tests.SortableDataTablesTest" name="testGetAllTables" time="2.741"/>
  <testcase classname="com.lr12.test.tests.SortableDataTablesTest" name="testGetFullTableData" time="23.602"/>
  <testcase classname="com.lr12.test.tests.SortableDataTablesTest" name="testVerifyCellValue" time="2.539"/>
  <testcase classname="com.lr12.test.tests.SortableDataTablesTest" name="testGetColumnValues" time="2.555"/>
  <testcase classname="com.lr12.test.tests.SortableDataTablesTest" name="testVerifyTableContent" time="2.595"/>
  <testcase classname="com.lr12.test.tests.SortableDataTablesTest" name="testGetColumnCount" time="2.793"/>
  <testcase classname="com.lr12.test.tests.SortableDataTablesTest" name="testSecondTableData" time="2.389"/>
  <testcase classname="com.lr12.test.tests.SortableDataTablesTest" name="testGetRowCount" time="2.539"/>
  <testcase classname="com.lr12.test.tests.SortableDataTablesTest" name="testCellContainsText" time="2.375"/>
  <testcase classname="com.lr12.test.tests.SortableDataTablesTest" name="testGetRowValues" time="2.610"/>
</testsuite> <!-- com.lr12.test.tests.SortableDataTablesTest -->
