<?xml version="1.0" encoding="UTF-8"?>
<!-- Generated by org.testng.reporters.JUnitReportReporter -->
<testsuite hostname="cukw" failures="0" tests="8" name="com.lr12.test.tests.InputsTest" time="41.559" errors="0" timestamp="2026-02-01T19:53:52 MSK" skipped="0">
  <testcase classname="com.lr12.test.tests.InputsTest" name="testInputWithArrowDown" time="5.228"/>
  <testcase classname="com.lr12.test.tests.InputsTest" name="testInputAlphanumeric" time="5.487"/>
  <testcase classname="com.lr12.test.tests.InputsTest" name="testClearInput" time="7.293"/>
  <testcase classname="com.lr12.test.tests.InputsTest" name="testMultipleArrowDown" time="4.641"/>
  <testcase classname="com.lr12.test.tests.InputsTest" name="testInputWithArrowUp" time="5.355"/>
  <testcase classname="com.lr12.test.tests.InputsTest" name="testInputNumericValues" time="4.022"/>
  <testcase classname="com.lr12.test.tests.InputsTest" name="testInputSpecialCharacters" time="5.193"/>
  <testcase classname="com.lr12.test.tests.InputsTest" name="testMultipleArrowUp" time="4.340"/>
</testsuite> <!-- com.lr12.test.tests.InputsTest -->
