<?xml version="1.0" encoding="UTF-8"?>
<!-- Generated by org.testng.reporters.JUnitReportReporter -->
<testsuite hostname="cukw" failures="0" tests="6" name="com.lr12.test.tests.TyposTest" time="23.557" errors="0" timestamp="2026-02-01T19:53:52 MSK" skipped="0">
  <testcase classname="com.lr12.test.tests.TyposTest" name="testGetParagraphText" time="3.534"/>
  <testcase classname="com.lr12.test.tests.TyposTest" name="testTypoDetection" time="4.765"/>
  <testcase classname="com.lr12.test.tests.TyposTest" name="testTextLength" time="3.635"/>
  <testcase classname="com.lr12.test.tests.TyposTest" name="testParagraphStartsWith" time="3.390"/>
  <testcase classname="com.lr12.test.tests.TyposTest" name="testParagraphContainsText" time="4.717"/>
  <testcase classname="com.lr12.test.tests.TyposTest" name="testWordCount" time="3.516"/>
</testsuite> <!-- com.lr12.test.tests.TyposTest -->
