<?xml version="1.0" encoding="UTF-8"?>
<!-- Generated by org.testng.reporters.JUnitReportReporter -->
<testsuite hostname="cukw" failures="0" tests="6" name="com.lr12.test.tests.DropdownTest" time="18.817" errors="0" timestamp="2026-02-01T19:53:52 MSK" skipped="0">
  <testcase classname="com.lr12.test.tests.DropdownTest" name="testOptionExists" time="2.693"/>
  <testcase classname="com.lr12.test.tests.DropdownTest" name="testDropdownContainsAllOptions" time="2.887"/>
  <testcase classname="com.lr12.test.tests.DropdownTest" name="testSelectFirstOption" time="2.776"/>
  <testcase classname="com.lr12.test.tests.DropdownTest" name="testSwitchBetweenOptions" time="3.345"/>
  <testcase classname="com.lr12.test.tests.DropdownTest" name="testDropdownOptionsCount" time="2.700"/>
  <testcase classname="com.lr12.test.tests.DropdownTest" name="testSelectSecondOption" time="4.416"/>
</testsuite> <!-- com.lr12.test.tests.DropdownTest -->
