<?xml version="1.0" encoding="UTF-8"?>
<!-- Generated by org.testng.reporters.JUnitReportReporter -->
<testsuite hostname="cukw" failures="0" tests="6" name="com.lr12.test.tests.CheckboxesTest" time="17.825" errors="0" timestamp="2026-02-01T19:53:52 MSK" skipped="0">
  <testcase classname="com.lr12.test.tests.CheckboxesTest" name="testToggleBothCheckboxes" time="2.745"/>
  <testcase classname="com.lr12.test.tests.CheckboxesTest" name="testToggleCheckboxMultipleTimes" time="2.669"/>
  <testcase classname="com.lr12.test.tests.CheckboxesTest" name="testUncheckSecondCheckbox" time="2.801"/>
  <testcase classname="com.lr12.test.tests.CheckboxesTest" name="testSecondCheckboxInitialStateChecked" time="2.621"/>
  <testcase classname="com.lr12.test.tests.CheckboxesTest" name="testFirstCheckboxInitialStateUnchecked" time="4.050"/>
  <testcase classname="com.lr12.test.tests.CheckboxesTest" name="testCheckFirstCheckbox" time="2.939"/>
</testsuite> <!-- com.lr12.test.tests.CheckboxesTest -->
