<?xml version="1.0" encoding="UTF-8"?>
<!-- Generated by org.testng.reporters.JUnitReportReporter -->
<testsuite hostname="cukw" failures="0" tests="6" name="com.lr12.test.tests.AddRemoveElementsTest" time="135.468" errors="0" timestamp="2026-02-01T19:53:52 MSK" skipped="0">
  <testcase classname="com.lr12.test.tests.AddRemoveElementsTest" name="testAddAndDeleteElement" time="26.591"/>
  <testcase classname="com.lr12.test.tests.AddRemoveElementsTest" name="testAddMultipleAndDeleteOne" time="5.068"/>
  <testcase classname="com.lr12.test.tests.AddRemoveElementsTest" name="testAddSingleElement" time="23.603"/>
  <testcase classname="com.lr12.test.tests.AddRemoveElementsTest" name="testDeleteLastElement" time="4.761"/>
  <testcase classname="com.lr12.test.tests.AddRemoveElementsTest" name="testDeleteAllElements" time="51.034"/>
  <testcase classname="com.lr12.test.tests.AddRemoveElementsTest" name="testAddMultipleElements" time="24.411"/>
</testsuite> <!-- com.lr12.test.tests.AddRemoveElementsTest -->
