<?xml version="1.0" encoding="UTF-8"?>
<!-- Generated by org.testng.reporters.JUnitReportReporter -->
<testsuite hostname="cukw" failures="0" tests="10" name="com.lr12.test.tests.HoversTest" time="53.657" errors="0" timestamp="2026-02-01T19:53:52 MSK" skipped="0">
  <testcase classname="com.lr12.test.tests.HoversTest" name="testGetUserIdHover" time="4.184"/>
  <testcase classname="com.lr12.test.tests.HoversTest" name="testClickAllUserProfiles" time="13.487"/>
  <testcase classname="com.lr12.test.tests.HoversTest" name="testFirstUserProfileDisplayed" time="3.548"/>
  <testcase classname="com.lr12.test.tests.HoversTest" name="testGetUserProfilesCount" time="3.315"/>
  <testcase classname="com.lr12.test.tests.HoversTest" name="testAllUserProfilesHover" time="5.492"/>
  <testcase classname="com.lr12.test.tests.HoversTest" name="testHoverFirstProfileAndGetName" time="4.217"/>
  <testcase classname="com.lr12.test.tests.HoversTest" name="testHoverVerifyNameAndClick" time="5.862"/>
  <testcase classname="com.lr12.test.tests.HoversTest" name="testSecondUserProfile" time="4.380"/>
  <testcase classname="com.lr12.test.tests.HoversTest" name="testThirdUserProfile" time="4.344"/>
  <testcase classname="com.lr12.test.tests.HoversTest" name="testClickFirstUserProfile" time="4.828"/>
</testsuite> <!-- com.lr12.test.tests.HoversTest -->
